TN:
SF:src/App.js
FN:9,(anonymous_0)
FN:15,(anonymous_1)
FN:20,(anonymous_2)
FN:47,(anonymous_3)
FNF:4
FNH:0
FNDA:0,(anonymous_0)
FNDA:0,(anonymous_1)
FNDA:0,(anonymous_2)
FNDA:0,(anonymous_3)
DA:9,0
DA:14,0
DA:15,0
DA:16,0
DA:17,0
DA:18,0
DA:20,0
DA:21,0
DA:29,0
DA:30,0
DA:34,0
DA:36,0
DA:40,0
DA:47,0
DA:48,0
DA:53,0
LF:16
LH:0
BRDA:11,0,0,0
BRDA:12,1,0,0
BRDA:13,2,0,0
BRDA:29,3,0,0
BRDA:29,3,1,0
BRDA:56,4,0,0
BRDA:56,4,1,0
BRDA:60,5,0,0
BRDA:60,5,1,0
BRF:9
BRH:0
end_of_record
TN:
SF:src/index.js
FNF:0
FNH:0
DA:10,0
DA:12,0
DA:26,0
LF:3
LH:0
BRF:0
BRH:0
end_of_record
TN:
SF:src/local-storage-mock.js
FN:2,(anonymous_0)
FN:6,(anonymous_1)
FN:10,(anonymous_2)
FN:14,(anonymous_3)
FN:18,(anonymous_4)
FNF:5
FNH:0
FNDA:0,(anonymous_0)
FNDA:0,(anonymous_1)
FNDA:0,(anonymous_2)
FNDA:0,(anonymous_3)
FNDA:0,(anonymous_4)
DA:1,0
DA:3,0
DA:7,0
DA:11,0
DA:15,0
DA:19,0
LF:6
LH:0
BRDA:7,0,0,0
BRDA:7,0,1,0
BRF:2
BRH:0
end_of_record
TN:
SF:src/reportWebVitals.js
FN:1,(anonymous_0)
FN:3,(anonymous_1)
FNF:2
FNH:0
FNDA:0,(anonymous_0)
FNDA:0,(anonymous_1)
DA:1,0
DA:2,0
DA:3,0
DA:4,0
DA:5,0
DA:6,0
DA:7,0
DA:8,0
LF:8
LH:0
BRDA:2,0,0,0
BRDA:2,0,1,0
BRDA:2,1,0,0
BRDA:2,1,1,0
BRF:4
BRH:0
end_of_record
TN:
SF:src/ScreenRouter/index.jsx
FN:16,(anonymous_0)
FN:17,(anonymous_1)
FN:18,(anonymous_2)
FN:19,(anonymous_3)
FN:20,(anonymous_4)
FN:21,(anonymous_5)
FN:22,(anonymous_6)
FN:23,(anonymous_7)
FN:24,(anonymous_8)
FN:25,(anonymous_9)
FN:26,(anonymous_10)
FN:27,(anonymous_11)
FN:36,(anonymous_12)
FN:41,(anonymous_13)
FN:46,(anonymous_14)
FN:50,(anonymous_15)
FN:51,(anonymous_16)
FNF:17
FNH:0
FNDA:0,(anonymous_0)
FNDA:0,(anonymous_1)
FNDA:0,(anonymous_2)
FNDA:0,(anonymous_3)
FNDA:0,(anonymous_4)
FNDA:0,(anonymous_5)
FNDA:0,(anonymous_6)
FNDA:0,(anonymous_7)
FNDA:0,(anonymous_8)
FNDA:0,(anonymous_9)
FNDA:0,(anonymous_10)
FNDA:0,(anonymous_11)
FNDA:0,(anonymous_12)
FNDA:0,(anonymous_13)
FNDA:0,(anonymous_14)
FNDA:0,(anonymous_15)
FNDA:0,(anonymous_16)
DA:16,0
DA:17,0
DA:18,0
DA:19,0
DA:20,0
DA:21,0
DA:22,0
DA:23,0
DA:24,0
DA:25,0
DA:26,0
DA:27,0
DA:29,0
DA:36,0
DA:41,0
DA:46,0
DA:50,0
DA:51,0
LF:18
LH:0
BRF:0
BRH:0
end_of_record
TN:
SF:src/assets/images/TextSvg.js
FN:3,(anonymous_0)
FNF:1
FNH:0
FNDA:0,(anonymous_0)
DA:3,0
DA:4,0
LF:2
LH:0
BRF:0
BRH:0
end_of_record
TN:
SF:src/assets/images/index.js
FNF:0
FNH:0
LF:0
LH:0
BRF:0
BRH:0
end_of_record
TN:
SF:src/assets/img/index.js
FNF:0
FNH:0
LF:0
LH:0
BRF:0
BRH:0
end_of_record
TN:
SF:src/aws/awsDataConstructor.js
FN:1,(anonymous_0)
FNF:1
FNH:0
FNDA:0,(anonymous_0)
DA:1,0
DA:2,0
LF:2
LH:0
BRF:0
BRH:0
end_of_record
TN:
SF:src/aws/awsHelper.js
FN:12,(anonymous_0)
FN:14,(anonymous_1)
FN:17,(anonymous_2)
FN:26,(anonymous_3)
FN:33,(anonymous_4)
FN:43,(anonymous_5)
FN:49,(anonymous_6)
FN:54,(anonymous_7)
FN:56,(anonymous_8)
FN:59,(anonymous_9)
FN:68,(anonymous_10)
FN:72,(anonymous_11)
FN:79,(anonymous_12)
FN:87,(anonymous_13)
FN:100,(anonymous_14)
FN:113,(anonymous_15)
FNF:16
FNH:0
FNDA:0,(anonymous_0)
FNDA:0,(anonymous_1)
FNDA:0,(anonymous_2)
FNDA:0,(anonymous_3)
FNDA:0,(anonymous_4)
FNDA:0,(anonymous_5)
FNDA:0,(anonymous_6)
FNDA:0,(anonymous_7)
FNDA:0,(anonymous_8)
FNDA:0,(anonymous_9)
FNDA:0,(anonymous_10)
FNDA:0,(anonymous_11)
FNDA:0,(anonymous_12)
FNDA:0,(anonymous_13)
FNDA:0,(anonymous_14)
FNDA:0,(anonymous_15)
DA:12,1
DA:13,0
DA:14,0
DA:16,0
DA:17,0
DA:19,0
DA:20,0
DA:22,0
DA:26,1
DA:27,0
DA:28,0
DA:29,0
DA:33,1
DA:34,0
DA:35,0
DA:36,0
DA:38,0
DA:39,0
DA:43,1
DA:44,0
DA:45,0
DA:49,1
DA:50,0
DA:51,0
DA:54,1
DA:55,0
DA:56,0
DA:58,0
DA:59,0
DA:61,0
DA:62,0
DA:64,0
DA:68,1
DA:69,0
DA:70,0
DA:72,0
DA:75,0
DA:79,0
DA:87,1
DA:88,0
DA:101,0
DA:102,0
DA:103,0
DA:113,1
DA:114,0
DA:115,0
DA:117,0
LF:47
LH:9
BRDA:12,0,0,0
BRDA:19,1,0,0
BRDA:19,1,1,0
BRDA:27,2,0,0
BRDA:27,2,1,0
BRDA:34,3,0,0
BRDA:34,3,1,0
BRDA:38,4,0,0
BRDA:38,4,1,0
BRDA:44,5,0,0
BRDA:44,5,1,0
BRDA:54,6,0,0
BRDA:61,7,0,0
BRDA:61,7,1,0
BRDA:87,8,0,0
BRDA:114,9,0,0
BRDA:114,9,1,0
BRF:17
BRH:0
end_of_record
TN:
SF:src/aws/broadcastFunction.js
FN:14,(anonymous_0)
FN:30,(anonymous_1)
FN:33,(anonymous_2)
FN:46,(anonymous_3)
FN:80,(anonymous_4)
FN:125,(anonymous_5)
FN:129,(anonymous_6)
FN:148,(anonymous_7)
FN:214,(anonymous_8)
FN:220,(anonymous_9)
FN:238,(anonymous_10)
FN:282,(anonymous_11)
FNF:12
FNH:0
FNDA:0,(anonymous_0)
FNDA:0,(anonymous_1)
FNDA:0,(anonymous_2)
FNDA:0,(anonymous_3)
FNDA:0,(anonymous_4)
FNDA:0,(anonymous_5)
FNDA:0,(anonymous_6)
FNDA:0,(anonymous_7)
FNDA:0,(anonymous_8)
FNDA:0,(anonymous_9)
FNDA:0,(anonymous_10)
FNDA:0,(anonymous_11)
DA:5,1
DA:14,1
DA:18,0
DA:19,0
DA:20,0
DA:28,0
DA:31,0
DA:34,0
DA:36,0
DA:37,0
DA:38,0
DA:39,0
DA:41,0
DA:42,0
DA:44,0
DA:46,0
DA:47,0
DA:50,0
DA:53,0
DA:56,0
DA:61,0
DA:62,0
DA:63,0
DA:64,0
DA:65,0
DA:70,0
DA:73,0
DA:78,0
DA:80,0
DA:81,0
DA:84,0
DA:87,0
DA:94,0
DA:99,0
DA:100,0
DA:101,0
DA:102,0
DA:103,0
DA:108,0
DA:112,0
DA:117,0
DA:119,0
DA:125,1
DA:126,0
DA:127,0
DA:129,0
DA:130,0
DA:133,0
DA:134,0
DA:135,0
DA:136,0
DA:137,0
DA:140,0
DA:148,1
DA:149,0
DA:156,0
DA:163,0
DA:164,0
DA:165,0
DA:166,0
DA:167,0
DA:169,0
DA:170,0
DA:171,0
DA:172,0
DA:173,0
DA:178,0
DA:181,0
DA:183,0
DA:184,0
DA:185,0
DA:186,0
DA:191,0
DA:194,0
DA:196,0
DA:201,0
DA:203,0
DA:204,0
DA:206,0
DA:207,0
DA:214,1
DA:215,0
DA:216,0
DA:220,1
DA:221,0
DA:222,0
DA:229,0
DA:236,0
DA:238,0
DA:239,0
DA:241,0
DA:243,0
DA:246,0
DA:250,0
DA:253,0
DA:256,0
DA:259,0
DA:264,0
DA:270,0
DA:273,0
DA:275,0
DA:282,1
DA:283,0
DA:284,0
LF:104
LH:7
BRDA:16,0,0,0
BRDA:17,1,0,0
BRDA:41,2,0,0
BRDA:41,2,1,0
BRDA:44,3,0,0
BRDA:44,3,1,0
BRDA:44,3,2,0
BRDA:44,3,3,0
BRDA:61,4,0,0
BRDA:61,4,1,0
BRDA:64,5,0,0
BRDA:64,5,1,0
BRDA:89,6,0,0
BRDA:89,6,1,0
BRDA:99,7,0,0
BRDA:99,7,1,0
BRDA:102,8,0,0
BRDA:102,8,1,0
BRDA:126,9,0,0
BRDA:126,9,1,0
BRDA:133,10,0,0
BRDA:133,10,1,0
BRDA:135,11,0,0
BRDA:135,11,1,0
BRDA:137,12,0,0
BRDA:137,12,1,0
BRDA:166,13,0,0
BRDA:166,13,1,0
BRDA:167,14,0,0
BRDA:167,14,1,0
BRDA:167,14,2,0
BRDA:167,14,3,0
BRDA:169,15,0,0
BRDA:169,15,1,0
BRDA:172,16,0,0
BRDA:172,16,1,0
BRDA:183,17,0,0
BRDA:183,17,1,0
BRDA:185,18,0,0
BRDA:185,18,1,0
BRDA:189,19,0,0
BRDA:189,19,1,0
BRDA:201,20,0,0
BRDA:201,20,1,0
BRDA:201,20,2,0
BRDA:215,21,0,0
BRDA:215,21,1,0
BRDA:221,22,0,0
BRDA:221,22,1,0
BRDA:241,23,0,0
BRDA:241,23,1,0
BRDA:241,23,2,0
BRDA:241,23,3,0
BRDA:243,24,0,0
BRDA:243,24,1,0
BRDA:250,25,0,0
BRDA:250,25,1,0
BRDA:283,26,0,0
BRDA:283,26,1,0
BRF:59
BRH:0
end_of_record
TN:
SF:src/aws/ivsfunctions.js
FN:24,(anonymous_0)
FN:40,(anonymous_1)
FN:64,(anonymous_2)
FN:67,(anonymous_3)
FN:70,(anonymous_4)
FN:80,(anonymous_5)
FN:85,(anonymous_6)
FN:91,(anonymous_7)
FN:98,(anonymous_8)
FN:101,(anonymous_9)
FN:112,(anonymous_10)
FNF:11
FNH:0
FNDA:0,(anonymous_0)
FNDA:0,(anonymous_1)
FNDA:0,(anonymous_2)
FNDA:0,(anonymous_3)
FNDA:0,(anonymous_4)
FNDA:0,(anonymous_5)
FNDA:0,(anonymous_6)
FNDA:0,(anonymous_7)
FNDA:0,(anonymous_8)
FNDA:0,(anonymous_9)
FNDA:0,(anonymous_10)
DA:21,0
DA:22,0
DA:24,0
DA:25,0
DA:32,0
DA:33,0
DA:35,0
DA:40,0
DA:41,0
DA:43,0
DA:44,0
DA:45,0
DA:46,0
DA:47,0
DA:49,0
DA:51,0
DA:54,0
DA:58,0
DA:61,0
DA:63,0
DA:65,0
DA:68,0
DA:71,0
DA:75,0
DA:76,0
DA:80,0
DA:81,0
DA:82,0
DA:85,0
DA:86,0
DA:89,0
DA:92,0
DA:93,0
DA:94,0
DA:98,0
DA:99,0
DA:101,0
DA:102,0
DA:103,0
DA:105,0
DA:106,0
DA:108,0
DA:112,0
DA:113,0
DA:114,0
LF:45
LH:0
BRDA:40,0,0,0
BRDA:41,1,0,0
BRDA:41,2,0,0
BRDA:43,3,0,0
BRDA:43,3,1,0
BRDA:45,4,0,0
BRDA:45,4,1,0
BRDA:51,5,0,0
BRDA:51,5,1,0
BRDA:54,6,0,0
BRDA:54,6,1,0
BRF:11
BRH:0
end_of_record
TN:
SF:src/common/InputTooltips.jsx
FN:5,(anonymous_0)
FN:17,(anonymous_1)
FN:29,(anonymous_2)
FNF:3
FNH:0
FNDA:0,(anonymous_0)
FNDA:0,(anonymous_1)
FNDA:0,(anonymous_2)
DA:5,0
DA:13,0
DA:15,0
DA:17,0
DA:18,0
DA:21,0
DA:29,0
LF:7
LH:0
BRDA:5,0,0,0
BRDA:7,1,0,0
BRDA:8,2,0,0
BRDA:9,3,0,0
BRDA:10,4,0,0
BRDA:11,5,0,0
BRDA:12,6,0,0
BRDA:13,7,0,0
BRDA:13,7,1,0
BRDA:30,8,0,0
BRDA:30,8,1,0
BRF:11
BRH:0
end_of_record
TN:
SF:src/common/MonckDataJson.js
FNF:0
FNH:0
DA:1,0
DA:2,0
DA:3,0
DA:4,0
DA:5,0
DA:7,0
DA:23,0
DA:33,0
DA:40,0
DA:51,0
DA:57,0
DA:62,0
DA:68,0
DA:73,0
DA:77,0
DA:81,0
DA:90,0
DA:98,0
DA:106,0
DA:113,0
DA:120,0
DA:125,0
DA:130,0
DA:137,0
DA:144,0
DA:148,0
DA:155,0
DA:161,0
DA:168,0
DA:175,0
DA:196,0
DA:213,0
DA:223,0
DA:247,0
DA:266,0
DA:273,0
DA:278,0
LF:37
LH:0
BRF:0
BRH:0
end_of_record
TN:
SF:src/common/NetworkDetector.js
FN:10,(anonymous_0)
FN:17,(anonymous_1)
FN:22,(anonymous_2)
FN:30,(anonymous_3)
FN:37,(anonymous_4)
FN:55,(anonymous_5)
FNF:6
FNH:0
FNDA:0,(anonymous_0)
FNDA:0,(anonymous_1)
FNDA:0,(anonymous_2)
FNDA:0,(anonymous_3)
FNDA:0,(anonymous_4)
FNDA:0,(anonymous_5)
DA:7,0
DA:11,0
DA:12,0
DA:18,0
DA:19,0
DA:23,0
DA:24,0
DA:30,0
DA:31,0
DA:32,0
DA:33,0
DA:34,0
DA:35,0
DA:36,0
DA:37,0
DA:38,0
DA:45,0
DA:46,0
DA:47,0
DA:56,0
LF:20
LH:0
BRDA:32,0,0,0
BRDA:32,0,1,0
BRDA:33,1,0,0
BRDA:33,1,1,0
BRF:4
BRH:0
end_of_record
TN:
SF:src/common/TableUtility.jsx
FN:13,(anonymous_0)
FN:22,(anonymous_1)
FN:24,(anonymous_2)
FN:31,(anonymous_3)
FN:40,(anonymous_4)
FN:46,(anonymous_5)
FN:54,(anonymous_6)
FN:64,isEllipsisActive
FN:68,(anonymous_8)
FN:77,(anonymous_9)
FN:86,(anonymous_10)
FNF:11
FNH:0
FNDA:0,(anonymous_0)
FNDA:0,(anonymous_1)
FNDA:0,(anonymous_2)
FNDA:0,(anonymous_3)
FNDA:0,(anonymous_4)
FNDA:0,(anonymous_5)
FNDA:0,(anonymous_6)
FNDA:0,isEllipsisActive
FNDA:0,(anonymous_8)
FNDA:0,(anonymous_9)
FNDA:0,(anonymous_10)
DA:13,0
DA:23,0
DA:24,0
DA:25,0
DA:31,0
DA:32,0
DA:33,0
DA:40,0
DA:41,0
DA:42,0
DA:46,0
DA:47,0
DA:54,0
DA:55,0
DA:65,0
DA:67,0
DA:69,0
DA:70,0
DA:74,0
DA:77,0
DA:87,0
DA:88,0
LF:22
LH:0
BRDA:13,0,0,0
BRDA:15,1,0,0
BRDA:16,2,0,0
BRDA:17,3,0,0
BRDA:18,4,0,0
BRDA:19,5,0,0
BRDA:20,6,0,0
BRDA:21,7,0,0
BRDA:22,8,0,0
BRDA:23,9,0,0
BRDA:23,9,1,0
BRDA:25,10,0,0
BRDA:25,10,1,0
BRDA:31,11,0,0
BRDA:41,12,0,0
BRDA:41,12,1,0
BRDA:41,13,0,0
BRDA:41,13,1,0
BRDA:46,14,0,0
BRDA:47,15,0,0
BRDA:47,15,1,0
BRDA:54,16,0,0
BRDA:64,17,0,0
BRDA:69,18,0,0
BRDA:69,18,1,0
BRDA:78,19,0,0
BRDA:78,19,1,0
BRDA:80,20,0,0
BRDA:80,20,1,0
BRDA:82,21,0,0
BRDA:82,21,1,0
BRDA:88,22,0,0
BRDA:88,22,1,0
BRDA:96,23,0,0
BRDA:96,23,1,0
BRF:35
BRH:0
end_of_record
TN:
SF:src/common/TitleComponent.jsx
FN:4,(anonymous_0)
FN:8,(anonymous_1)
FNF:2
FNH:0
FNDA:0,(anonymous_0)
FNDA:0,(anonymous_1)
DA:4,0
DA:5,0
DA:6,0
DA:8,0
DA:9,0
DA:10,0
DA:13,0
LF:7
LH:0
BRDA:4,0,0,0
BRDA:6,1,0,0
BRDA:9,2,0,0
BRDA:9,2,1,0
BRF:4
BRH:0
end_of_record
TN:
SF:src/common/helper.js
FN:1,(anonymous_0)
FN:9,(anonymous_1)
FN:12,(anonymous_2)
FN:16,(anonymous_3)
FN:21,(anonymous_4)
FN:24,(anonymous_5)
FN:25,(anonymous_6)
FN:31,(anonymous_7)
FN:34,(anonymous_8)
FN:37,(anonymous_9)
FN:38,(anonymous_10)
FN:51,(anonymous_11)
FN:56,(anonymous_12)
FN:57,(anonymous_13)
FN:60,(anonymous_14)
FN:61,(anonymous_15)
FNF:16
FNH:0
FNDA:0,(anonymous_0)
FNDA:0,(anonymous_1)
FNDA:0,(anonymous_2)
FNDA:0,(anonymous_3)
FNDA:0,(anonymous_4)
FNDA:0,(anonymous_5)
FNDA:0,(anonymous_6)
FNDA:0,(anonymous_7)
FNDA:0,(anonymous_8)
FNDA:0,(anonymous_9)
FNDA:0,(anonymous_10)
FNDA:0,(anonymous_11)
FNDA:0,(anonymous_12)
FNDA:0,(anonymous_13)
FNDA:0,(anonymous_14)
FNDA:0,(anonymous_15)
DA:1,1
DA:2,0
DA:9,1
DA:10,0
DA:12,1
DA:13,0
DA:14,0
DA:16,1
DA:17,0
DA:18,0
DA:21,1
DA:22,0
DA:24,1
DA:25,0
DA:26,0
DA:27,0
DA:31,1
DA:32,0
DA:34,1
DA:35,0
DA:37,1
DA:38,0
DA:39,0
DA:51,1
DA:52,0
DA:53,0
DA:56,1
DA:57,0
DA:60,1
DA:61,0
LF:30
LH:12
BRDA:2,0,0,0
BRDA:2,0,1,0
BRDA:9,1,0,0
BRDA:12,2,0,0
BRDA:13,3,0,0
BRDA:13,3,1,0
BRDA:16,4,0,0
BRDA:17,5,0,0
BRDA:17,5,1,0
BRDA:26,6,0,0
BRDA:26,6,1,0
BRDA:41,7,0,0
BRDA:41,7,1,0
BRDA:51,8,0,0
BRDA:56,9,0,0
BRDA:60,10,0,0
BRF:16
BRH:0
end_of_record
TN:
SF:src/common/index.js
FNF:0
FNH:0
LF:0
LH:0
BRF:0
BRH:0
end_of_record
TN:
SF:src/common/AnimatePopup/index.jsx
FN:5,(anonymous_0)
FN:10,(anonymous_1)
FN:15,(anonymous_2)
FN:16,(anonymous_3)
FN:19,(anonymous_4)
FN:31,(anonymous_5)
FN:32,(anonymous_6)
FN:44,(anonymous_7)
FNF:8
FNH:0
FNDA:0,(anonymous_0)
FNDA:0,(anonymous_1)
FNDA:0,(anonymous_2)
FNDA:0,(anonymous_3)
FNDA:0,(anonymous_4)
FNDA:0,(anonymous_5)
FNDA:0,(anonymous_6)
FNDA:0,(anonymous_7)
DA:5,0
DA:11,0
DA:13,0
DA:15,0
DA:16,0
DA:17,0
DA:19,0
DA:20,0
DA:24,0
DA:31,0
DA:32,0
DA:44,0
LF:12
LH:0
BRDA:5,0,0,0
BRDA:7,1,0,0
BRDA:8,2,0,0
BRDA:9,3,0,0
BRDA:10,4,0,0
BRF:5
BRH:0
end_of_record
TN:
SF:src/common/Badge/index.jsx
FN:4,(anonymous_0)
FNF:1
FNH:0
FNDA:0,(anonymous_0)
DA:4,0
DA:10,0
DA:11,0
LF:3
LH:0
BRDA:4,0,0,0
BRDA:6,1,0,0
BRDA:7,2,0,0
BRDA:8,3,0,0
BRDA:9,4,0,0
BRDA:14,5,0,0
BRDA:14,5,1,0
BRF:7
BRH:0
end_of_record
TN:
SF:src/common/Buttons/index.jsx
FN:5,(anonymous_0)
FNF:1
FNH:0
FNDA:0,(anonymous_0)
DA:5,0
DA:11,0
DA:13,0
LF:3
LH:0
BRDA:5,0,0,0
BRDA:7,1,0,0
BRDA:8,2,0,0
BRDA:9,3,0,0
BRDA:10,4,0,0
BRDA:15,5,0,0
BRDA:15,5,1,0
BRDA:19,6,0,0
BRDA:19,6,1,0
BRDA:26,7,0,0
BRDA:26,7,1,0
BRF:11
BRH:0
end_of_record
TN:
SF:src/common/ColorPicker/index.jsx
FN:6,(anonymous_0)
FN:8,(anonymous_1)
FN:8,(anonymous_2)
FN:11,(anonymous_3)
FN:17,(anonymous_4)
FN:22,(anonymous_5)
FN:24,(anonymous_6)
FNF:7
FNH:0
FNDA:0,(anonymous_0)
FNDA:0,(anonymous_1)
FNDA:0,(anonymous_2)
FNDA:0,(anonymous_3)
FNDA:0,(anonymous_4)
FNDA:0,(anonymous_5)
FNDA:0,(anonymous_6)
DA:6,0
DA:8,0
DA:10,0
DA:11,0
DA:12,0
DA:13,0
DA:14,0
DA:17,0
DA:18,0
DA:21,0
DA:22,0
DA:24,0
LF:12
LH:0
BRDA:6,0,0,0
BRDA:8,1,0,0
BRDA:8,2,0,0
BRDA:8,3,0,0
BRDA:11,4,0,0
BRF:5
BRH:0
end_of_record
TN:
SF:src/common/CommonActiveToggle/index.jsx
FN:3,(anonymous_0)
FN:10,(anonymous_1)
FN:16,(anonymous_2)
FN:20,(anonymous_3)
FN:38,(anonymous_4)
FNF:5
FNH:0
FNDA:0,(anonymous_0)
FNDA:0,(anonymous_1)
FNDA:0,(anonymous_2)
FNDA:0,(anonymous_3)
FNDA:0,(anonymous_4)
DA:3,0
DA:13,0
DA:14,0
DA:16,0
DA:17,0
DA:18,0
DA:20,0
DA:21,0
DA:24,0
DA:38,0
LF:10
LH:0
BRDA:3,0,0,0
BRDA:5,1,0,0
BRDA:6,2,0,0
BRDA:7,3,0,0
BRDA:8,4,0,0
BRDA:9,5,0,0
BRDA:10,6,0,0
BRDA:11,7,0,0
BRDA:12,8,0,0
BRF:9
BRH:0
end_of_record
TN:
SF:src/common/CommonFormInput/index.jsx
FN:7,(anonymous_0)
FN:27,(anonymous_1)
FN:28,(anonymous_2)
FN:29,(anonymous_3)
FN:30,(anonymous_4)
FN:31,(anonymous_5)
FN:35,(anonymous_6)
FN:39,(anonymous_7)
FN:42,(anonymous_8)
FN:43,(anonymous_9)
FN:55,(anonymous_10)
FN:62,(anonymous_11)
FN:66,(anonymous_12)
FN:70,(anonymous_13)
FN:105,(anonymous_14)
FN:111,(anonymous_15)
FN:121,(anonymous_16)
FNF:17
FNH:0
FNDA:0,(anonymous_0)
FNDA:0,(anonymous_1)
FNDA:0,(anonymous_2)
FNDA:0,(anonymous_3)
FNDA:0,(anonymous_4)
FNDA:0,(anonymous_5)
FNDA:0,(anonymous_6)
FNDA:0,(anonymous_7)
FNDA:0,(anonymous_8)
FNDA:0,(anonymous_9)
FNDA:0,(anonymous_10)
FNDA:0,(anonymous_11)
FNDA:0,(anonymous_12)
FNDA:0,(anonymous_13)
FNDA:0,(anonymous_14)
FNDA:0,(anonymous_15)
FNDA:0,(anonymous_16)
DA:7,0
DA:36,0
DA:37,0
DA:38,0
DA:39,0
DA:40,0
DA:41,0
DA:43,0
DA:55,0
DA:56,0
DA:62,0
DA:63,0
DA:66,0
DA:67,0
DA:68,0
DA:70,0
DA:71,0
DA:72,0
DA:74,0
DA:78,0
DA:105,0
DA:111,0
DA:121,0
LF:23
LH:0
BRDA:7,0,0,0
BRDA:9,1,0,0
BRDA:10,2,0,0
BRDA:11,3,0,0
BRDA:12,4,0,0
BRDA:13,5,0,0
BRDA:14,6,0,0
BRDA:15,7,0,0
BRDA:16,8,0,0
BRDA:17,9,0,0
BRDA:18,10,0,0
BRDA:19,11,0,0
BRDA:20,12,0,0
BRDA:21,13,0,0
BRDA:22,14,0,0
BRDA:23,15,0,0
BRDA:24,16,0,0
BRDA:25,17,0,0
BRDA:26,18,0,0
BRDA:27,19,0,0
BRDA:28,20,0,0
BRDA:29,21,0,0
BRDA:30,22,0,0
BRDA:31,23,0,0
BRDA:32,24,0,0
BRDA:33,25,0,0
BRDA:34,26,0,0
BRDA:35,27,0,0
BRDA:39,28,0,0
BRDA:66,29,0,0
BRDA:70,30,0,0
BRDA:71,31,0,0
BRDA:71,31,1,0
BRDA:82,32,0,0
BRDA:82,32,1,0
BRDA:82,33,0,0
BRDA:82,33,1,0
BRDA:82,34,0,0
BRDA:82,34,1,0
BRDA:82,35,0,0
BRDA:82,35,1,0
BRDA:84,36,0,0
BRDA:84,36,1,0
BRDA:84,37,0,0
BRDA:84,37,1,0
BRDA:84,38,0,0
BRDA:84,38,1,0
BRDA:97,39,0,0
BRDA:97,39,1,0
BRDA:97,40,0,0
BRDA:97,40,1,0
BRDA:103,41,0,0
BRDA:103,41,1,0
BRDA:106,42,0,0
BRDA:106,42,1,0
BRDA:108,43,0,0
BRDA:108,43,1,0
BRDA:109,44,0,0
BRDA:109,44,1,0
BRDA:111,45,0,0
BRDA:111,45,1,0
BRDA:112,46,0,0
BRDA:112,46,1,0
BRDA:114,47,0,0
BRDA:114,47,1,0
BRDA:114,48,0,0
BRDA:114,48,1,0
BRDA:117,49,0,0
BRDA:117,49,1,0
BRDA:117,49,2,0
BRDA:127,50,0,0
BRDA:127,50,1,0
BRDA:127,50,2,0
BRF:73
BRH:0
end_of_record
TN:
SF:src/common/CommonImageTag/NewImgTag.jsx
FN:3,(anonymous_0)
FNF:1
FNH:0
FNDA:0,(anonymous_0)
DA:3,0
DA:5,0
LF:2
LH:0
BRDA:3,0,0,0
BRDA:3,1,0,0
BRDA:3,2,0,0
BRF:3
BRH:0
end_of_record
TN:
SF:src/common/CommonImageTag/index.jsx
FN:13,(anonymous_0)
FN:22,(anonymous_1)
FN:29,(anonymous_2)
FN:34,(anonymous_3)
FN:45,(anonymous_4)
FNF:5
FNH:0
FNDA:0,(anonymous_0)
FNDA:0,(anonymous_1)
FNDA:0,(anonymous_2)
FNDA:0,(anonymous_3)
FNDA:0,(anonymous_4)
DA:13,0
DA:20,0
DA:22,0
DA:23,0
DA:29,0
DA:30,0
DA:31,0
DA:34,0
DA:35,0
DA:36,0
DA:38,0
DA:45,0
DA:46,0
DA:47,0
DA:52,0
DA:71,0
LF:16
LH:0
BRDA:13,0,0,0
BRDA:15,1,0,0
BRDA:16,2,0,0
BRDA:17,3,0,0
BRDA:18,4,0,0
BRDA:19,5,0,0
BRDA:20,6,0,0
BRDA:20,6,1,0
BRDA:29,7,0,0
BRDA:34,8,0,0
BRDA:35,9,0,0
BRDA:35,9,1,0
BRDA:46,10,0,0
BRDA:46,10,1,0
BRDA:46,11,0,0
BRDA:46,11,1,0
BRDA:54,12,0,0
BRDA:54,12,1,0
BRDA:62,13,0,0
BRDA:62,13,1,0
BRF:20
BRH:0
end_of_record
TN:
SF:src/common/CommonInputTag/index.jsx
FN:4,(anonymous_0)
FN:16,(anonymous_1)
FN:17,(anonymous_2)
FN:18,(anonymous_3)
FNF:4
FNH:0
FNDA:0,(anonymous_0)
FNDA:0,(anonymous_1)
FNDA:0,(anonymous_2)
FNDA:0,(anonymous_3)
DA:4,0
DA:19,0
DA:20,0
DA:42,0
LF:4
LH:0
BRDA:4,0,0,0
BRDA:6,1,0,0
BRDA:7,2,0,0
BRDA:8,3,0,0
BRDA:9,4,0,0
BRDA:10,5,0,0
BRDA:11,6,0,0
BRDA:12,7,0,0
BRDA:13,8,0,0
BRDA:14,9,0,0
BRDA:15,10,0,0
BRDA:16,11,0,0
BRDA:17,12,0,0
BRDA:18,13,0,0
BRDA:19,14,0,0
BRDA:19,14,1,0
BRDA:24,15,0,0
BRDA:24,15,1,0
BRDA:27,16,0,0
BRDA:27,16,1,0
BRDA:28,17,0,0
BRDA:28,17,1,0
BRDA:29,18,0,0
BRDA:29,18,1,0
BRDA:30,19,0,0
BRDA:30,19,1,0
BRDA:31,20,0,0
BRDA:31,20,1,0
BRDA:32,21,0,0
BRDA:32,21,1,0
BRDA:33,22,0,0
BRDA:33,22,1,0
BRDA:34,23,0,0
BRDA:34,23,1,0
BRDA:35,24,0,0
BRDA:35,24,1,0
BRDA:38,25,0,0
BRDA:38,25,1,0
BRF:38
BRH:0
end_of_record
TN:
SF:src/common/DataTable/DropCustomerPlan.jsx
FN:7,(anonymous_0)
FN:17,(anonymous_1)
FN:27,(anonymous_2)
FN:42,(anonymous_3)
FN:48,(anonymous_4)
FN:52,(anonymous_5)
FN:56,(anonymous_6)
FN:58,(anonymous_7)
FN:61,(anonymous_8)
FN:69,(anonymous_9)
FN:75,(anonymous_10)
FN:78,(anonymous_11)
FN:83,(anonymous_12)
FN:91,(anonymous_13)
FN:102,(anonymous_14)
FN:112,(anonymous_15)
FN:127,(anonymous_16)
FN:135,(anonymous_17)
FN:149,(anonymous_18)
FNF:19
FNH:0
FNDA:0,(anonymous_0)
FNDA:0,(anonymous_1)
FNDA:0,(anonymous_2)
FNDA:0,(anonymous_3)
FNDA:0,(anonymous_4)
FNDA:0,(anonymous_5)
FNDA:0,(anonymous_6)
FNDA:0,(anonymous_7)
FNDA:0,(anonymous_8)
FNDA:0,(anonymous_9)
FNDA:0,(anonymous_10)
FNDA:0,(anonymous_11)
FNDA:0,(anonymous_12)
FNDA:0,(anonymous_13)
FNDA:0,(anonymous_14)
FNDA:0,(anonymous_15)
FNDA:0,(anonymous_16)
FNDA:0,(anonymous_17)
FNDA:0,(anonymous_18)
DA:7,0
DA:18,0
DA:19,0
DA:20,0
DA:27,0
DA:28,0
DA:35,0
DA:36,0
DA:38,0
DA:42,0
DA:43,0
DA:44,0
DA:48,0
DA:49,0
DA:52,0
DA:53,0
DA:56,0
DA:57,0
DA:58,0
DA:60,0
DA:61,0
DA:62,0
DA:63,0
DA:66,0
DA:69,0
DA:75,0
DA:77,0
DA:78,0
DA:79,0
DA:82,0
DA:83,0
DA:84,0
DA:89,0
DA:91,0
DA:102,0
DA:128,0
DA:135,0
DA:149,0
LF:38
LH:0
BRDA:7,0,0,0
BRDA:9,1,0,0
BRDA:10,2,0,0
BRDA:11,3,0,0
BRDA:12,4,0,0
BRDA:13,5,0,0
BRDA:14,6,0,0
BRDA:15,7,0,0
BRDA:16,8,0,0
BRDA:17,9,0,0
BRDA:27,10,0,0
BRDA:35,11,0,0
BRDA:35,11,1,0
BRDA:42,12,0,0
BRDA:52,13,0,0
BRDA:57,14,0,0
BRDA:57,14,1,0
BRDA:58,15,0,0
BRDA:58,15,1,0
BRDA:60,16,0,0
BRDA:60,16,1,0
BRDA:62,17,0,0
BRDA:62,17,1,0
BRDA:69,18,0,0
BRDA:69,18,1,0
BRDA:77,19,0,0
BRDA:77,19,1,0
BRDA:77,20,0,0
BRDA:77,20,1,0
BRDA:79,21,0,0
BRDA:79,21,1,0
BRDA:82,22,0,0
BRDA:82,22,1,0
BRDA:82,23,0,0
BRDA:82,23,1,0
BRDA:84,24,0,0
BRDA:84,24,1,0
BRDA:93,25,0,0
BRDA:93,25,1,0
BRDA:96,26,0,0
BRDA:96,26,1,0
BRDA:97,27,0,0
BRDA:97,27,1,0
BRDA:101,28,0,0
BRDA:101,28,1,0
BRDA:101,29,0,0
BRDA:101,29,1,0
BRDA:101,30,0,0
BRDA:101,30,1,0
BRDA:102,31,0,0
BRDA:102,31,1,0
BRDA:114,32,0,0
BRDA:114,32,1,0
BRDA:126,33,0,0
BRDA:126,33,1,0
BRDA:132,34,0,0
BRDA:132,34,1,0
BRDA:134,35,0,0
BRDA:134,35,1,0
BRDA:135,36,0,0
BRDA:135,36,1,0
BRDA:137,37,0,0
BRDA:137,37,1,0
BRDA:139,38,0,0
BRDA:139,38,1,0
BRF:65
BRH:0
end_of_record
TN:
SF:src/common/DataTable/DropTable.jsx
FN:9,(anonymous_0)
FN:15,(anonymous_1)
FN:25,(anonymous_2)
FN:41,(anonymous_3)
FN:46,(anonymous_4)
FN:51,(anonymous_5)
FN:57,(anonymous_6)
FN:62,(anonymous_7)
FN:74,(anonymous_8)
FN:81,(anonymous_9)
FN:86,(anonymous_10)
FN:92,(anonymous_11)
FNF:12
FNH:0
FNDA:0,(anonymous_0)
FNDA:0,(anonymous_1)
FNDA:0,(anonymous_2)
FNDA:0,(anonymous_3)
FNDA:0,(anonymous_4)
FNDA:0,(anonymous_5)
FNDA:0,(anonymous_6)
FNDA:0,(anonymous_7)
FNDA:0,(anonymous_8)
FNDA:0,(anonymous_9)
FNDA:0,(anonymous_10)
FNDA:0,(anonymous_11)
DA:9,0
DA:16,0
DA:17,0
DA:18,0
DA:19,0
DA:25,0
DA:26,0
DA:27,0
DA:28,0
DA:34,0
DA:35,0
DA:36,0
DA:41,0
DA:42,0
DA:43,0
DA:46,0
DA:47,0
DA:48,0
DA:51,0
DA:52,0
DA:55,0
DA:57,0
DA:62,0
DA:81,0
DA:87,0
DA:92,0
DA:108,0
LF:27
LH:0
BRDA:9,0,0,0
BRDA:11,1,0,0
BRDA:12,2,0,0
BRDA:13,3,0,0
BRDA:14,4,0,0
BRDA:15,5,0,0
BRDA:25,6,0,0
BRDA:26,7,0,0
BRDA:27,8,0,0
BRDA:27,8,1,0
BRDA:41,9,0,0
BRDA:51,10,0,0
BRDA:59,11,0,0
BRDA:59,11,1,0
BRDA:63,12,0,0
BRDA:63,12,1,0
BRDA:64,13,0,0
BRDA:64,13,1,0
BRDA:64,14,0,0
BRDA:64,14,1,0
BRDA:86,15,0,0
BRDA:86,15,1,0
BRF:22
BRH:0
end_of_record
TN:
SF:src/common/DataTable/GlobalSearchComponent.jsx
FN:4,(anonymous_0)
FN:13,(anonymous_1)
FN:14,(anonymous_2)
FN:15,(anonymous_3)
FN:22,(anonymous_4)
FN:45,(anonymous_5)
FNF:6
FNH:0
FNDA:0,(anonymous_0)
FNDA:0,(anonymous_1)
FNDA:0,(anonymous_2)
FNDA:0,(anonymous_3)
FNDA:0,(anonymous_4)
FNDA:0,(anonymous_5)
DA:4,0
DA:16,0
DA:22,0
DA:23,0
DA:24,0
DA:30,0
DA:33,0
DA:45,0
LF:8
LH:0
BRDA:4,0,0,0
BRDA:6,1,0,0
BRDA:7,2,0,0
BRDA:8,3,0,0
BRDA:9,4,0,0
BRDA:10,5,0,0
BRDA:12,6,0,0
BRDA:13,7,0,0
BRDA:14,8,0,0
BRDA:15,9,0,0
BRDA:22,10,0,0
BRDA:35,11,0,0
BRDA:35,11,1,0
BRDA:35,12,0,0
BRDA:35,12,1,0
BRDA:39,13,0,0
BRDA:39,13,1,0
BRDA:41,14,0,0
BRDA:41,14,1,0
BRDA:42,15,0,0
BRDA:42,15,1,0
BRDA:43,16,0,0
BRDA:43,16,1,0
BRDA:44,17,0,0
BRDA:44,17,1,0
BRF:25
BRH:0
end_of_record
TN:
SF:src/common/DataTable/TableCheckHeader.jsx
FN:5,(anonymous_0)
FNF:1
FNH:0
FNDA:0,(anonymous_0)
DA:5,0
DA:12,0
DA:14,0
DA:15,0
LF:4
LH:0
BRDA:5,0,0,0
BRDA:8,1,0,0
BRDA:9,2,0,0
BRDA:23,3,0,0
BRDA:23,3,1,0
BRDA:30,4,0,0
BRDA:30,4,1,0
BRF:7
BRH:0
end_of_record
TN:
SF:src/common/DataTable/TablePlanRole.jsx
FN:4,(anonymous_0)
FN:12,(anonymous_1)
FNF:2
FNH:0
FNDA:0,(anonymous_0)
FNDA:0,(anonymous_1)
DA:4,0
DA:8,0
DA:9,0
DA:13,0
LF:4
LH:0
BRDA:4,0,0,0
BRDA:7,1,0,0
BRDA:11,2,0,0
BRDA:11,2,1,0
BRDA:12,3,0,0
BRDA:12,3,1,0
BRDA:13,4,0,0
BRDA:13,4,1,0
BRF:8
BRH:0
end_of_record
TN:
SF:src/common/DataTable/pageSize.jsx
FN:7,(anonymous_0)
FN:10,(anonymous_1)
FN:19,(anonymous_2)
FN:30,(anonymous_3)
FN:34,(anonymous_4)
FN:41,(anonymous_5)
FN:44,(anonymous_6)
FN:49,(anonymous_7)
FN:53,(anonymous_8)
FNF:9
FNH:0
FNDA:0,(anonymous_0)
FNDA:0,(anonymous_1)
FNDA:0,(anonymous_2)
FNDA:0,(anonymous_3)
FNDA:0,(anonymous_4)
FNDA:0,(anonymous_5)
FNDA:0,(anonymous_6)
FNDA:0,(anonymous_7)
FNDA:0,(anonymous_8)
DA:7,0
DA:11,0
DA:12,0
DA:19,0
DA:20,0
DA:21,0
DA:22,0
DA:30,0
DA:31,0
DA:34,0
DA:35,0
DA:37,0
DA:45,0
DA:50,0
DA:53,0
LF:15
LH:0
BRDA:7,0,0,0
BRDA:9,1,0,0
BRDA:10,2,0,0
BRDA:19,3,0,0
BRDA:20,4,0,0
BRDA:21,5,0,0
BRDA:21,5,1,0
BRDA:42,6,0,0
BRDA:42,6,1,0
BRF:9
BRH:0
end_of_record
TN:
SF:src/common/DataTable/sort.jsx
FN:4,(anonymous_0)
FN:9,(anonymous_1)
FN:12,(anonymous_2)
FN:26,(anonymous_3)
FNF:4
FNH:0
FNDA:0,(anonymous_0)
FNDA:0,(anonymous_1)
FNDA:0,(anonymous_2)
FNDA:0,(anonymous_3)
DA:4,0
DA:10,0
DA:12,0
DA:13,0
DA:21,0
DA:26,0
LF:6
LH:0
BRDA:4,0,0,0
BRDA:7,1,0,0
BRDA:8,2,0,0
BRDA:9,3,0,0
BRDA:12,4,0,0
BRDA:12,5,0,0
BRDA:16,6,0,0
BRDA:16,6,1,0
BRDA:23,7,0,0
BRDA:23,7,1,0
BRDA:23,8,0,0
BRDA:23,8,1,0
BRDA:24,9,0,0
BRDA:24,9,1,0
BRDA:25,10,0,0
BRDA:25,10,1,0
BRDA:29,11,0,0
BRDA:29,11,1,0
BRDA:36,12,0,0
BRDA:36,12,1,0
BRF:20
BRH:0
end_of_record
TN:
SF:src/common/DataTable/CommonFormDropDown/index.jsx
FN:7,(anonymous_0)
FN:17,(anonymous_1)
FN:28,(anonymous_2)
FN:43,(anonymous_3)
FN:49,(anonymous_4)
FN:53,(anonymous_5)
FN:57,(anonymous_6)
FN:59,(anonymous_7)
FN:69,(anonymous_8)
FN:71,(anonymous_9)
FN:75,(anonymous_10)
FN:96,(anonymous_11)
FN:104,(anonymous_12)
FN:114,(anonymous_13)
FN:131,(anonymous_14)
FN:139,(anonymous_15)
FN:155,(anonymous_16)
FNF:17
FNH:0
FNDA:0,(anonymous_0)
FNDA:0,(anonymous_1)
FNDA:0,(anonymous_2)
FNDA:0,(anonymous_3)
FNDA:0,(anonymous_4)
FNDA:0,(anonymous_5)
FNDA:0,(anonymous_6)
FNDA:0,(anonymous_7)
FNDA:0,(anonymous_8)
FNDA:0,(anonymous_9)
FNDA:0,(anonymous_10)
FNDA:0,(anonymous_11)
FNDA:0,(anonymous_12)
FNDA:0,(anonymous_13)
FNDA:0,(anonymous_14)
FNDA:0,(anonymous_15)
FNDA:0,(anonymous_16)
DA:7,0
DA:18,0
DA:20,0
DA:21,0
DA:28,0
DA:29,0
DA:36,0
DA:37,0
DA:39,0
DA:43,0
DA:44,0
DA:45,0
DA:49,0
DA:50,0
DA:53,0
DA:54,0
DA:57,0
DA:58,0
DA:59,0
DA:61,0
DA:69,0
DA:70,0
DA:71,0
DA:72,0
DA:74,0
DA:75,0
DA:76,0
DA:80,0
DA:96,0
DA:104,0
DA:132,0
DA:140,0
DA:155,0
LF:33
LH:0
BRDA:7,0,0,0
BRDA:9,1,0,0
BRDA:10,2,0,0
BRDA:11,3,0,0
BRDA:12,4,0,0
BRDA:13,5,0,0
BRDA:14,6,0,0
BRDA:15,7,0,0
BRDA:16,8,0,0
BRDA:17,9,0,0
BRDA:28,10,0,0
BRDA:36,11,0,0
BRDA:36,11,1,0
BRDA:43,12,0,0
BRDA:53,13,0,0
BRDA:58,14,0,0
BRDA:58,14,1,0
BRDA:59,15,0,0
BRDA:59,15,1,0
BRDA:70,16,0,0
BRDA:70,16,1,0
BRDA:70,17,0,0
BRDA:70,17,1,0
BRDA:72,18,0,0
BRDA:72,18,1,0
BRDA:74,19,0,0
BRDA:74,19,1,0
BRDA:74,20,0,0
BRDA:74,20,1,0
BRDA:76,21,0,0
BRDA:76,21,1,0
BRDA:91,22,0,0
BRDA:91,22,1,0
BRDA:98,23,0,0
BRDA:98,23,1,0
BRDA:103,24,0,0
BRDA:103,24,1,0
BRDA:103,25,0,0
BRDA:103,25,1,0
BRDA:103,26,0,0
BRDA:103,26,1,0
BRDA:104,27,0,0
BRDA:104,27,1,0
BRDA:117,28,0,0
BRDA:117,28,1,0
BRDA:130,29,0,0
BRDA:130,29,1,0
BRDA:135,30,0,0
BRDA:135,30,1,0
BRDA:137,31,0,0
BRDA:137,31,1,0
BRDA:140,32,0,0
BRDA:140,32,1,0
BRDA:143,33,0,0
BRDA:143,33,1,0
BRDA:145,34,0,0
BRDA:145,34,1,0
BRF:57
BRH:0
end_of_record
TN:
SF:src/common/DataTable/DropTableSort/index.jsx
FN:9,(anonymous_0)
FN:23,(anonymous_1)
FN:36,(anonymous_2)
FN:51,(anonymous_3)
FN:62,(anonymous_4)
FN:63,(anonymous_5)
FN:66,(anonymous_6)
FN:84,(anonymous_7)
FN:85,(anonymous_8)
FN:98,(anonymous_9)
FN:112,(anonymous_10)
FN:114,(anonymous_11)
FN:120,(anonymous_12)
FN:125,(anonymous_13)
FN:127,(anonymous_14)
FN:130,(anonymous_15)
FN:136,(anonymous_16)
FN:142,(anonymous_17)
FN:142,(anonymous_18)
FN:148,(anonymous_19)
FN:149,(anonymous_20)
FN:155,(anonymous_21)
FN:160,(anonymous_22)
FN:165,(anonymous_23)
FN:170,(anonymous_24)
FN:180,(anonymous_25)
FN:186,(anonymous_26)
FN:191,(anonymous_27)
FN:196,(anonymous_28)
FN:204,(anonymous_29)
FN:211,(anonymous_30)
FN:221,(anonymous_31)
FN:232,(anonymous_32)
FN:261,(anonymous_33)
FN:274,(anonymous_34)
FN:282,(anonymous_35)
FN:291,(anonymous_36)
FNF:37
FNH:0
FNDA:0,(anonymous_0)
FNDA:0,(anonymous_1)
FNDA:0,(anonymous_2)
FNDA:0,(anonymous_3)
FNDA:0,(anonymous_4)
FNDA:0,(anonymous_5)
FNDA:0,(anonymous_6)
FNDA:0,(anonymous_7)
FNDA:0,(anonymous_8)
FNDA:0,(anonymous_9)
FNDA:0,(anonymous_10)
FNDA:0,(anonymous_11)
FNDA:0,(anonymous_12)
FNDA:0,(anonymous_13)
FNDA:0,(anonymous_14)
FNDA:0,(anonymous_15)
FNDA:0,(anonymous_16)
FNDA:0,(anonymous_17)
FNDA:0,(anonymous_18)
FNDA:0,(anonymous_19)
FNDA:0,(anonymous_20)
FNDA:0,(anonymous_21)
FNDA:0,(anonymous_22)
FNDA:0,(anonymous_23)
FNDA:0,(anonymous_24)
FNDA:0,(anonymous_25)
FNDA:0,(anonymous_26)
FNDA:0,(anonymous_27)
FNDA:0,(anonymous_28)
FNDA:0,(anonymous_29)
FNDA:0,(anonymous_30)
FNDA:0,(anonymous_31)
FNDA:0,(anonymous_32)
FNDA:0,(anonymous_33)
FNDA:0,(anonymous_34)
FNDA:0,(anonymous_35)
FNDA:0,(anonymous_36)
DA:9,0
DA:24,0
DA:25,0
DA:26,0
DA:27,0
DA:28,0
DA:29,0
DA:36,0
DA:37,0
DA:38,0
DA:39,0
DA:46,0
DA:47,0
DA:48,0
DA:51,0
DA:52,0
DA:53,0
DA:54,0
DA:55,0
DA:58,0
DA:60,0
DA:61,0
DA:62,0
DA:63,0
DA:64,0
DA:65,0
DA:66,0
DA:67,0
DA:68,0
DA:69,0
DA:73,0
DA:80,0
DA:84,0
DA:85,0
DA:86,0
DA:87,0
DA:94,0
DA:95,0
DA:98,0
DA:99,0
DA:100,0
DA:101,0
DA:102,0
DA:103,0
DA:105,0
DA:106,0
DA:108,0
DA:112,0
DA:113,0
DA:114,0
DA:115,0
DA:116,0
DA:120,0
DA:121,0
DA:122,0
DA:125,0
DA:126,0
DA:127,0
DA:130,0
DA:131,0
DA:132,0
DA:136,0
DA:137,0
DA:138,0
DA:139,0
DA:140,0
DA:141,0
DA:142,0
DA:143,0
DA:144,0
DA:145,0
DA:148,0
DA:149,0
DA:150,0
DA:151,0
DA:154,0
DA:155,0
DA:156,0
DA:157,0
DA:160,0
DA:161,0
DA:165,0
DA:166,0
DA:170,0
DA:171,0
DA:172,0
DA:176,0
DA:180,0
DA:186,0
DA:191,0
DA:196,0
DA:211,0
DA:222,0
DA:233,0
DA:234,0
DA:235,0
DA:236,0
DA:238,0
DA:239,0
DA:261,0
DA:274,0
DA:283,0
DA:291,0
DA:303,0
LF:104
LH:0
BRDA:9,0,0,0
BRDA:11,1,0,0
BRDA:12,2,0,0
BRDA:13,3,0,0
BRDA:14,4,0,0
BRDA:15,5,0,0
BRDA:16,6,0,0
BRDA:17,7,0,0
BRDA:18,8,0,0
BRDA:19,9,0,0
BRDA:20,10,0,0
BRDA:21,11,0,0
BRDA:22,12,0,0
BRDA:23,13,0,0
BRDA:36,14,0,0
BRDA:36,15,0,0
BRDA:37,16,0,0
BRDA:38,17,0,0
BRDA:38,17,1,0
BRDA:51,18,0,0
BRDA:52,19,0,0
BRDA:52,19,1,0
BRDA:67,20,0,0
BRDA:67,20,1,0
BRDA:67,21,0,0
BRDA:67,21,1,0
BRDA:68,22,0,0
BRDA:68,22,1,0
BRDA:68,23,0,0
BRDA:68,23,1,0
BRDA:84,24,0,0
BRDA:102,25,0,0
BRDA:102,25,1,0
BRDA:105,26,0,0
BRDA:105,26,1,0
BRDA:112,27,0,0
BRDA:125,28,0,0
BRDA:130,29,0,0
BRDA:130,30,0,0
BRDA:131,31,0,0
BRDA:131,31,1,0
BRDA:131,32,0,0
BRDA:131,32,1,0
BRDA:137,33,0,0
BRDA:137,33,1,0
BRDA:137,34,0,0
BRDA:137,34,1,0
BRDA:137,34,2,0
BRDA:137,34,3,0
BRDA:138,35,0,0
BRDA:138,35,1,0
BRDA:143,36,0,0
BRDA:143,36,1,0
BRDA:150,37,0,0
BRDA:150,37,1,0
BRDA:154,38,0,0
BRDA:154,38,1,0
BRDA:155,39,0,0
BRDA:155,39,1,0
BRDA:165,40,0,0
BRDA:165,40,1,0
BRDA:171,41,0,0
BRDA:171,41,1,0
BRDA:171,42,0,0
BRDA:171,42,1,0
BRDA:171,42,2,0
BRDA:171,42,3,0
BRDA:178,43,0,0
BRDA:178,43,1,0
BRDA:182,44,0,0
BRDA:182,44,1,0
BRDA:187,45,0,0
BRDA:187,45,1,0
BRDA:188,46,0,0
BRDA:188,46,1,0
BRDA:188,47,0,0
BRDA:188,47,1,0
BRDA:190,48,0,0
BRDA:190,48,1,0
BRDA:198,49,0,0
BRDA:198,49,1,0
BRDA:210,50,0,0
BRDA:210,50,1,0
BRDA:217,51,0,0
BRDA:217,51,1,0
BRDA:221,52,0,0
BRDA:221,52,1,0
BRDA:225,53,0,0
BRDA:225,53,1,0
BRDA:225,54,0,0
BRDA:225,54,1,0
BRDA:227,55,0,0
BRDA:227,55,1,0
BRDA:231,56,0,0
BRDA:231,56,1,0
BRDA:233,57,0,0
BRDA:233,57,1,0
BRDA:234,58,0,0
BRDA:234,58,1,0
BRDA:238,59,0,0
BRDA:238,59,1,0
BRDA:243,60,0,0
BRDA:243,60,1,0
BRDA:243,61,0,0
BRDA:243,61,1,0
BRDA:250,62,0,0
BRDA:250,62,1,0
BRDA:250,63,0,0
BRDA:250,63,1,0
BRDA:260,64,0,0
BRDA:260,64,1,0
BRDA:282,65,0,0
BRDA:282,65,1,0
BRDA:285,66,0,0
BRDA:285,66,1,0
BRDA:285,67,0,0
BRDA:285,67,1,0
BRDA:290,68,0,0
BRDA:290,68,1,0
BRF:119
BRH:0
end_of_record
TN:
SF:src/common/DataTable/GlobalSearchTable/index.jsx
FN:5,(anonymous_0)
FN:16,(anonymous_1)
FN:17,(anonymous_2)
FN:18,(anonymous_3)
FN:19,(anonymous_4)
FN:26,(anonymous_5)
FN:50,(anonymous_6)
FNF:7
FNH:0
FNDA:0,(anonymous_0)
FNDA:0,(anonymous_1)
FNDA:0,(anonymous_2)
FNDA:0,(anonymous_3)
FNDA:0,(anonymous_4)
FNDA:0,(anonymous_5)
FNDA:0,(anonymous_6)
DA:5,0
DA:20,0
DA:26,0
DA:27,0
DA:28,0
DA:34,0
DA:37,0
DA:50,0
LF:8
LH:0
BRDA:5,0,0,0
BRDA:7,1,0,0
BRDA:8,2,0,0
BRDA:9,3,0,0
BRDA:10,4,0,0
BRDA:11,5,0,0
BRDA:13,6,0,0
BRDA:14,7,0,0
BRDA:15,8,0,0
BRDA:16,9,0,0
BRDA:17,10,0,0
BRDA:18,11,0,0
BRDA:19,12,0,0
BRDA:26,13,0,0
BRDA:39,14,0,0
BRDA:39,14,1,0
BRDA:40,15,0,0
BRDA:40,15,1,0
BRDA:40,16,0,0
BRDA:40,16,1,0
BRDA:44,17,0,0
BRDA:44,17,1,0
BRDA:46,18,0,0
BRDA:46,18,1,0
BRDA:47,19,0,0
BRDA:47,19,1,0
BRDA:48,20,0,0
BRDA:48,20,1,0
BRDA:49,21,0,0
BRDA:49,21,1,0
BRDA:53,22,0,0
BRDA:53,22,1,0
BRF:32
BRH:0
end_of_record
TN:
SF:src/common/DataTable/GlobalSearchTable/assets/index.js
FNF:0
FNH:0
LF:0
LH:0
BRF:0
BRH:0
end_of_record
TN:
SF:src/common/DataTable/pagination/PagesInfo.jsx
FN:4,(anonymous_0)
FNF:1
FNH:0
FNDA:0,(anonymous_0)
DA:4,0
DA:7,0
DA:8,0
DA:9,0
DA:10,0
DA:11,0
DA:12,0
DA:13,0
LF:8
LH:0
BRDA:4,0,0,0
BRDA:6,1,0,0
BRDA:8,2,0,0
BRDA:8,3,0,0
BRDA:8,4,0,0
BRDA:11,5,0,0
BRDA:11,5,1,0
BRDA:12,6,0,0
BRDA:12,6,1,0
BRF:9
BRH:0
end_of_record
TN:
SF:src/common/DataTable/pagination/PaginationControl.jsx
FN:8,(anonymous_0)
FN:12,(anonymous_1)
FN:23,(anonymous_2)
FN:26,(anonymous_3)
FN:31,(anonymous_4)
FN:39,(anonymous_5)
FN:41,(anonymous_6)
FN:46,(anonymous_7)
FN:61,(anonymous_8)
FN:65,(anonymous_9)
FN:71,(anonymous_10)
FNF:11
FNH:0
FNDA:0,(anonymous_0)
FNDA:0,(anonymous_1)
FNDA:0,(anonymous_2)
FNDA:0,(anonymous_3)
FNDA:0,(anonymous_4)
FNDA:0,(anonymous_5)
FNDA:0,(anonymous_6)
FNDA:0,(anonymous_7)
FNDA:0,(anonymous_8)
FNDA:0,(anonymous_9)
FNDA:0,(anonymous_10)
DA:8,0
DA:13,0
DA:14,0
DA:15,0
DA:17,0
DA:23,0
DA:26,0
DA:31,0
DA:40,0
DA:41,0
DA:46,0
DA:61,0
DA:65,0
DA:71,0
DA:79,0
LF:15
LH:0
BRDA:8,0,0,0
BRDA:10,1,0,0
BRDA:11,2,0,0
BRDA:12,3,0,0
BRDA:15,4,0,0
BRDA:19,5,0,0
BRDA:19,5,1,0
BRDA:20,6,0,0
BRDA:20,6,1,0
BRDA:37,7,0,0
BRDA:37,7,1,0
BRDA:39,8,0,0
BRDA:39,8,1,0
BRDA:43,9,0,0
BRDA:43,9,1,0
BRDA:53,10,0,0
BRDA:53,10,1,0
BRDA:60,11,0,0
BRDA:60,11,1,0
BRDA:62,12,0,0
BRDA:62,12,1,0
BRF:21
BRH:0
end_of_record
TN:
SF:src/common/DataTable/pagination/index.jsx
FN:4,(anonymous_0)
FN:33,(anonymous_1)
FN:49,(anonymous_2)
FN:58,(anonymous_3)
FN:69,(anonymous_4)
FN:85,(anonymous_5)
FN:91,(anonymous_6)
FNF:7
FNH:0
FNDA:0,(anonymous_0)
FNDA:0,(anonymous_1)
FNDA:0,(anonymous_2)
FNDA:0,(anonymous_3)
FNDA:0,(anonymous_4)
FNDA:0,(anonymous_5)
FNDA:0,(anonymous_6)
DA:4,0
DA:6,0
DA:8,0
DA:10,0
DA:12,0
DA:14,0
DA:15,0
DA:18,0
DA:19,0
DA:20,0
DA:21,0
DA:22,0
DA:23,0
DA:25,0
DA:26,0
DA:30,0
DA:31,0
DA:33,0
DA:36,0
DA:49,0
DA:56,0
DA:58,0
DA:59,0
DA:69,0
DA:70,0
DA:71,0
DA:72,0
DA:77,0
DA:78,0
DA:85,0
DA:86,0
DA:87,0
DA:88,0
DA:91,0
DA:92,0
DA:93,0
DA:96,0
LF:37
LH:0
BRDA:6,0,0,0
BRDA:6,0,1,0
BRDA:8,1,0,0
BRDA:8,1,1,0
BRDA:12,2,0,0
BRDA:12,2,1,0
BRDA:18,3,0,0
BRDA:18,3,1,0
BRDA:21,4,0,0
BRDA:21,4,1,0
BRDA:49,5,0,0
BRDA:51,6,0,0
BRDA:52,7,0,0
BRDA:54,8,0,0
BRDA:55,9,0,0
BRDA:56,10,0,0
BRDA:56,10,1,0
BRDA:71,11,0,0
BRDA:71,11,1,0
BRDA:71,12,0,0
BRDA:71,12,1,0
BRF:21
BRH:0
end_of_record
TN:
SF:src/common/DataTable/pagination/assets/index.js
FNF:0
FNH:0
LF:0
LH:0
BRF:0
BRH:0
end_of_record
TN:
SF:src/common/DatePicker/MonthPicker.jsx
FN:5,(anonymous_0)
FN:9,(anonymous_1)
FN:21,(anonymous_2)
FN:22,(anonymous_3)
FNF:4
FNH:0
FNDA:0,(anonymous_0)
FNDA:0,(anonymous_1)
FNDA:0,(anonymous_2)
FNDA:0,(anonymous_3)
DA:5,0
DA:6,0
DA:7,0
DA:9,0
DA:10,0
DA:13,0
DA:21,0
DA:22,0
LF:8
LH:0
BRDA:5,0,0,0
BRF:1
BRH:0
end_of_record
TN:
SF:src/common/DatePicker/SingleDatePickers.js
FN:7,(anonymous_0)
FN:19,(anonymous_1)
FN:20,(anonymous_2)
FN:24,(anonymous_3)
FNF:4
FNH:0
FNDA:0,(anonymous_0)
FNDA:0,(anonymous_1)
FNDA:0,(anonymous_2)
FNDA:0,(anonymous_3)
DA:7,0
DA:11,0
DA:13,0
DA:14,0
DA:15,0
DA:19,0
DA:20,0
DA:24,0
LF:8
LH:0
BRDA:7,0,0,0
BRDA:9,1,0,0
BRF:2
BRH:0
end_of_record
TN:
SF:src/common/DatePicker/StartToendPicker.js
FN:13,(anonymous_0)
FN:26,(anonymous_1)
FN:27,(anonymous_2)
FN:28,(anonymous_3)
FN:39,(anonymous_4)
FN:47,(anonymous_5)
FN:48,(anonymous_6)
FN:52,(anonymous_7)
FN:58,(anonymous_8)
FN:61,(anonymous_9)
FN:67,(anonymous_10)
FN:69,(anonymous_11)
FN:80,(anonymous_12)
FN:81,(anonymous_13)
FN:86,(anonymous_14)
FN:93,(anonymous_15)
FN:94,(anonymous_16)
FNF:17
FNH:0
FNDA:0,(anonymous_0)
FNDA:0,(anonymous_1)
FNDA:0,(anonymous_2)
FNDA:0,(anonymous_3)
FNDA:0,(anonymous_4)
FNDA:0,(anonymous_5)
FNDA:0,(anonymous_6)
FNDA:0,(anonymous_7)
FNDA:0,(anonymous_8)
FNDA:0,(anonymous_9)
FNDA:0,(anonymous_10)
FNDA:0,(anonymous_11)
FNDA:0,(anonymous_12)
FNDA:0,(anonymous_13)
FNDA:0,(anonymous_14)
FNDA:0,(anonymous_15)
FNDA:0,(anonymous_16)
DA:14,0
DA:15,0
DA:26,0
DA:27,0
DA:28,0
DA:29,0
DA:30,0
DA:31,0
DA:33,0
DA:34,0
DA:39,0
DA:41,0
DA:42,0
DA:43,0
DA:45,0
DA:47,0
DA:49,0
DA:52,0
DA:58,0
DA:59,0
DA:61,0
DA:62,0
DA:72,0
DA:73,0
DA:80,0
DA:81,0
DA:86,0
DA:93,0
DA:95,0
DA:96,0
DA:97,0
DA:100,0
DA:101,0
DA:105,0
LF:34
LH:0
BRDA:27,0,0,0
BRDA:27,1,0,0
BRDA:27,2,0,0
BRDA:27,2,1,0
BRDA:29,3,0,0
BRDA:29,3,1,0
BRDA:30,4,0,0
BRDA:30,4,1,0
BRDA:33,5,0,0
BRDA:33,5,1,0
BRDA:59,6,0,0
BRDA:59,6,1,0
BRDA:69,7,0,0
BRDA:69,8,0,0
BRDA:70,9,0,0
BRDA:70,10,0,0
BRDA:72,11,0,0
BRDA:72,11,1,0
BRDA:85,12,0,0
BRDA:85,12,1,0
BRDA:88,13,0,0
BRDA:88,13,1,0
BRDA:90,14,0,0
BRDA:90,14,1,0
BRDA:95,15,0,0
BRDA:95,15,1,0
BRDA:96,16,0,0
BRDA:96,16,1,0
BRDA:97,17,0,0
BRDA:97,17,1,0
BRDA:97,17,2,0
BRDA:100,18,0,0
BRDA:100,18,1,0
BRDA:101,19,0,0
BRDA:101,19,1,0
BRDA:101,19,2,0
BRF:36
BRH:0
end_of_record
TN:
SF:src/common/DatePicker/assets/index.js
FNF:0
FNH:0
LF:0
LH:0
BRF:0
BRH:0
end_of_record
TN:
SF:src/common/DayToYearDropDown/DayToYearDropDownListdatas.jsx
FN:5,(anonymous_0)
FN:12,(anonymous_1)
FN:32,(anonymous_2)
FN:41,(anonymous_3)
FN:49,(anonymous_4)
FN:61,(anonymous_5)
FN:71,(anonymous_6)
FN:82,(anonymous_7)
FN:94,(anonymous_8)
FN:104,(anonymous_9)
FN:113,(anonymous_10)
FN:122,(anonymous_11)
FNF:12
FNH:0
FNDA:0,(anonymous_0)
FNDA:0,(anonymous_1)
FNDA:0,(anonymous_2)
FNDA:0,(anonymous_3)
FNDA:0,(anonymous_4)
FNDA:0,(anonymous_5)
FNDA:0,(anonymous_6)
FNDA:0,(anonymous_7)
FNDA:0,(anonymous_8)
FNDA:0,(anonymous_9)
FNDA:0,(anonymous_10)
FNDA:0,(anonymous_11)
DA:5,0
DA:6,0
DA:7,0
DA:13,0
DA:14,0
DA:15,0
DA:17,0
DA:32,0
DA:41,0
DA:49,0
DA:61,0
DA:71,0
DA:82,0
DA:94,0
DA:104,0
DA:113,0
DA:122,0
LF:17
LH:0
BRDA:5,0,0,0
BRDA:9,1,0,0
BRDA:10,2,0,0
BRDA:11,3,0,0
BRDA:12,4,0,0
BRDA:15,5,0,0
BRDA:15,5,1,0
BRDA:25,6,0,0
BRDA:25,6,1,0
BRDA:30,7,0,0
BRDA:30,7,1,0
BRDA:39,8,0,0
BRDA:39,8,1,0
BRDA:58,9,0,0
BRDA:58,9,1,0
BRDA:65,10,0,0
BRDA:65,10,1,0
BRDA:69,11,0,0
BRDA:69,11,1,0
BRDA:80,12,0,0
BRDA:80,12,1,0
BRDA:88,13,0,0
BRDA:88,13,1,0
BRDA:92,14,0,0
BRDA:92,14,1,0
BRDA:111,15,0,0
BRDA:111,15,1,0
BRF:27
BRH:0
end_of_record
TN:
SF:src/common/DayToYearDropDown/DynamicDropList.jsx
FN:4,(anonymous_0)
FN:11,(anonymous_1)
FN:23,(anonymous_2)
FN:30,(anonymous_3)
FNF:4
FNH:0
FNDA:0,(anonymous_0)
FNDA:0,(anonymous_1)
FNDA:0,(anonymous_2)
FNDA:0,(anonymous_3)
DA:4,0
DA:12,0
DA:14,0
DA:24,0
DA:30,0
LF:5
LH:0
BRDA:4,0,0,0
BRDA:6,1,0,0
BRDA:7,2,0,0
BRDA:8,3,0,0
BRDA:9,4,0,0
BRDA:10,5,0,0
BRDA:11,6,0,0
BRF:7
BRH:0
end_of_record
TN:
SF:src/common/DayToYearDropDown/index.jsx
FN:13,(anonymous_0)
FN:22,(anonymous_1)
FN:25,(anonymous_2)
FN:26,(anonymous_3)
FN:43,(anonymous_4)
FN:64,(anonymous_5)
FN:74,(anonymous_6)
FN:84,(anonymous_7)
FN:99,(anonymous_8)
FN:104,(anonymous_9)
FN:107,(anonymous_10)
FN:120,(anonymous_11)
FN:135,(anonymous_12)
FN:140,(anonymous_13)
FN:146,(anonymous_14)
FN:153,(anonymous_15)
FN:157,(anonymous_16)
FN:163,(anonymous_17)
FN:167,(anonymous_18)
FN:171,(anonymous_19)
FN:175,(anonymous_20)
FN:187,(anonymous_21)
FN:211,(anonymous_22)
FN:215,(anonymous_23)
FNF:24
FNH:0
FNDA:0,(anonymous_0)
FNDA:0,(anonymous_1)
FNDA:0,(anonymous_2)
FNDA:0,(anonymous_3)
FNDA:0,(anonymous_4)
FNDA:0,(anonymous_5)
FNDA:0,(anonymous_6)
FNDA:0,(anonymous_7)
FNDA:0,(anonymous_8)
FNDA:0,(anonymous_9)
FNDA:0,(anonymous_10)
FNDA:0,(anonymous_11)
FNDA:0,(anonymous_12)
FNDA:0,(anonymous_13)
FNDA:0,(anonymous_14)
FNDA:0,(anonymous_15)
FNDA:0,(anonymous_16)
FNDA:0,(anonymous_17)
FNDA:0,(anonymous_18)
FNDA:0,(anonymous_19)
FNDA:0,(anonymous_20)
FNDA:0,(anonymous_21)
FNDA:0,(anonymous_22)
FNDA:0,(anonymous_23)
DA:13,0
DA:28,0
DA:30,0
DA:31,0
DA:32,0
DA:33,0
DA:34,0
DA:35,0
DA:36,0
DA:37,0
DA:43,0
DA:44,0
DA:45,0
DA:46,0
DA:47,0
DA:51,0
DA:52,0
DA:57,0
DA:64,0
DA:65,0
DA:66,0
DA:71,0
DA:74,0
DA:75,0
DA:84,0
DA:85,0
DA:86,0
DA:87,0
DA:88,0
DA:89,0
DA:90,0
DA:91,0
DA:92,0
DA:95,0
DA:99,0
DA:100,0
DA:101,0
DA:104,0
DA:105,0
DA:107,0
DA:108,0
DA:120,0
DA:121,0
DA:122,0
DA:123,0
DA:124,0
DA:125,0
DA:126,0
DA:127,0
DA:135,0
DA:136,0
DA:137,0
DA:138,0
DA:140,0
DA:141,0
DA:142,0
DA:144,0
DA:145,0
DA:146,0
DA:147,0
DA:148,0
DA:153,0
DA:154,0
DA:155,0
DA:157,0
DA:158,0
DA:163,0
DA:164,0
DA:167,0
DA:168,0
DA:171,0
DA:175,0
DA:187,0
DA:215,0
LF:74
LH:0
BRDA:13,0,0,0
BRDA:16,1,0,0
BRDA:17,2,0,0
BRDA:18,3,0,0
BRDA:19,4,0,0
BRDA:20,5,0,0
BRDA:21,6,0,0
BRDA:22,7,0,0
BRDA:23,8,0,0
BRDA:24,9,0,0
BRDA:25,10,0,0
BRDA:26,11,0,0
BRDA:27,12,0,0
BRDA:27,13,0,0
BRDA:27,13,1,0
BRDA:27,14,0,0
BRDA:27,14,1,0
BRDA:31,15,0,0
BRDA:31,15,1,0
BRDA:43,16,0,0
BRDA:43,17,0,0
BRDA:46,18,0,0
BRDA:46,18,1,0
BRDA:46,19,0,0
BRDA:46,19,1,0
BRDA:51,20,0,0
BRDA:51,20,1,0
BRDA:51,21,0,0
BRDA:51,21,1,0
BRDA:65,22,0,0
BRDA:65,22,1,0
BRDA:65,23,0,0
BRDA:65,23,1,0
BRDA:84,24,0,0
BRDA:90,25,0,0
BRDA:90,25,1,0
BRDA:92,26,0,0
BRDA:92,26,1,0
BRDA:95,27,0,0
BRDA:95,27,1,0
BRDA:99,28,0,0
BRDA:110,29,0,0
BRDA:110,29,1,0
BRDA:110,30,0,0
BRDA:110,30,1,0
BRDA:120,31,0,0
BRDA:121,32,0,0
BRDA:122,33,0,0
BRDA:122,33,1,0
BRDA:123,34,0,0
BRDA:123,34,1,0
BRDA:136,35,0,0
BRDA:136,35,1,0
BRDA:141,36,0,0
BRDA:141,36,1,0
BRDA:144,37,0,0
BRDA:144,37,1,0
BRDA:144,38,0,0
BRDA:144,38,1,0
BRDA:148,39,0,0
BRDA:148,39,1,0
BRDA:154,40,0,0
BRDA:154,40,1,0
BRDA:167,41,0,0
BRDA:167,41,1,0
BRDA:169,42,0,0
BRDA:169,42,1,0
BRDA:175,43,0,0
BRDA:175,43,1,0
BRDA:176,44,0,0
BRDA:176,44,1,0
BRDA:177,45,0,0
BRDA:177,45,1,0
BRDA:182,46,0,0
BRDA:182,46,1,0
BRDA:184,47,0,0
BRDA:184,47,1,0
BRDA:185,48,0,0
BRDA:185,48,1,0
BRDA:215,49,0,0
BRDA:215,49,1,0
BRDA:222,50,0,0
BRDA:222,50,1,0
BRF:83
BRH:0
end_of_record
TN:
SF:src/common/EmailVerifyOverlay/index.jsx
FN:5,(anonymous_0)
FN:13,(anonymous_1)
FN:14,(anonymous_2)
FN:18,(anonymous_3)
FNF:4
FNH:0
FNDA:0,(anonymous_0)
FNDA:0,(anonymous_1)
FNDA:0,(anonymous_2)
FNDA:0,(anonymous_3)
DA:5,0
DA:8,0
DA:9,0
DA:10,0
DA:11,0
DA:13,0
DA:14,0
DA:15,0
DA:17,0
DA:18,0
DA:19,0
DA:20,0
DA:24,0
LF:13
LH:0
BRDA:5,0,0,0
BRDA:7,1,0,0
BRDA:10,2,0,0
BRDA:11,3,0,0
BRDA:11,4,0,0
BRDA:17,5,0,0
BRDA:17,5,1,0
BRDA:17,5,2,0
BRDA:20,6,0,0
BRDA:20,6,1,0
BRDA:20,6,2,0
BRDA:27,7,0,0
BRDA:27,7,1,0
BRF:13
BRH:0
end_of_record
TN:
SF:src/common/FormFile/index.jsx
FN:3,(anonymous_0)
FN:12,(anonymous_1)
FN:13,(anonymous_2)
FN:21,(anonymous_3)
FN:24,(anonymous_4)
FNF:5
FNH:0
FNDA:0,(anonymous_0)
FNDA:0,(anonymous_1)
FNDA:0,(anonymous_2)
FNDA:0,(anonymous_3)
FNDA:0,(anonymous_4)
DA:3,0
DA:14,0
DA:15,0
DA:21,0
DA:24,0
LF:5
LH:0
BRDA:3,0,0,0
BRDA:6,1,0,0
BRDA:7,2,0,0
BRDA:8,3,0,0
BRDA:9,4,0,0
BRDA:10,5,0,0
BRDA:11,6,0,0
BRDA:12,7,0,0
BRDA:13,8,0,0
BRDA:20,9,0,0
BRDA:20,9,1,0
BRDA:22,10,0,0
BRDA:22,10,1,0
BRDA:23,11,0,0
BRDA:23,11,1,0
BRDA:24,12,0,0
BRDA:24,12,1,0
BRDA:27,13,0,0
BRDA:27,13,1,0
BRF:19
BRH:0
end_of_record
TN:
SF:src/common/FormInput/CountryCode.jsx
FN:11,(anonymous_0)
FN:19,(anonymous_1)
FN:20,(anonymous_2)
FN:21,(anonymous_3)
FN:31,(anonymous_4)
FN:41,(anonymous_5)
FN:56,(anonymous_6)
FN:66,(anonymous_7)
FN:68,(anonymous_8)
FN:77,(anonymous_9)
FN:95,(anonymous_10)
FN:119,(anonymous_11)
FN:132,(anonymous_12)
FN:138,(anonymous_13)
FNF:14
FNH:0
FNDA:0,(anonymous_0)
FNDA:0,(anonymous_1)
FNDA:0,(anonymous_2)
FNDA:0,(anonymous_3)
FNDA:0,(anonymous_4)
FNDA:0,(anonymous_5)
FNDA:0,(anonymous_6)
FNDA:0,(anonymous_7)
FNDA:0,(anonymous_8)
FNDA:0,(anonymous_9)
FNDA:0,(anonymous_10)
FNDA:0,(anonymous_11)
FNDA:0,(anonymous_12)
FNDA:0,(anonymous_13)
DA:11,0
DA:12,0
DA:22,0
DA:24,0
DA:31,0
DA:32,0
DA:33,0
DA:38,0
DA:41,0
DA:42,0
DA:43,0
DA:44,0
DA:45,0
DA:46,0
DA:47,0
DA:48,0
DA:49,0
DA:51,0
DA:56,0
DA:57,0
DA:58,0
DA:60,0
DA:61,0
DA:62,0
DA:66,0
DA:67,0
DA:68,0
DA:69,0
DA:74,0
DA:77,0
DA:119,0
DA:133,0
DA:138,0
LF:33
LH:0
BRDA:11,0,0,0
BRDA:14,1,0,0
BRDA:15,2,0,0
BRDA:16,3,0,0
BRDA:17,4,0,0
BRDA:18,5,0,0
BRDA:19,6,0,0
BRDA:20,7,0,0
BRDA:21,8,0,0
BRDA:31,9,0,0
BRDA:32,10,0,0
BRDA:32,10,1,0
BRDA:35,11,0,0
BRDA:35,11,1,0
BRDA:41,12,0,0
BRDA:42,13,0,0
BRDA:48,14,0,0
BRDA:48,14,1,0
BRDA:58,15,0,0
BRDA:58,15,1,0
BRDA:69,16,0,0
BRDA:69,16,1,0
BRDA:79,17,0,0
BRDA:79,17,1,0
BRDA:79,17,2,0
BRDA:83,18,0,0
BRDA:83,18,1,0
BRDA:84,19,0,0
BRDA:84,19,1,0
BRDA:94,20,0,0
BRDA:94,20,1,0
BRDA:96,21,0,0
BRDA:96,21,1,0
BRDA:100,22,0,0
BRDA:100,22,1,0
BRDA:118,23,0,0
BRDA:118,23,1,0
BRDA:121,24,0,0
BRDA:121,24,1,0
BRF:39
BRH:0
end_of_record
TN:
SF:src/common/FormInput/index.jsx
FN:5,(anonymous_0)
FN:23,(anonymous_1)
FN:24,(anonymous_2)
FN:25,(anonymous_3)
FN:26,(anonymous_4)
FN:30,(anonymous_5)
FN:36,(anonymous_6)
FN:40,(anonymous_7)
FN:43,(anonymous_8)
FN:58,(anonymous_9)
FN:65,(anonymous_10)
FN:68,(anonymous_11)
FN:105,(anonymous_12)
FN:109,(anonymous_13)
FNF:14
FNH:0
FNDA:0,(anonymous_0)
FNDA:0,(anonymous_1)
FNDA:0,(anonymous_2)
FNDA:0,(anonymous_3)
FNDA:0,(anonymous_4)
FNDA:0,(anonymous_5)
FNDA:0,(anonymous_6)
FNDA:0,(anonymous_7)
FNDA:0,(anonymous_8)
FNDA:0,(anonymous_9)
FNDA:0,(anonymous_10)
FNDA:0,(anonymous_11)
FNDA:0,(anonymous_12)
FNDA:0,(anonymous_13)
DA:5,0
DA:32,0
DA:34,0
DA:36,0
DA:37,0
DA:38,0
DA:42,0
DA:44,0
DA:58,0
DA:59,0
DA:65,0
DA:66,0
DA:68,0
DA:69,0
DA:70,0
DA:72,0
DA:75,0
DA:105,0
DA:109,0
LF:19
LH:0
BRDA:5,0,0,0
BRDA:7,1,0,0
BRDA:8,2,0,0
BRDA:9,3,0,0
BRDA:10,4,0,0
BRDA:11,5,0,0
BRDA:13,6,0,0
BRDA:14,7,0,0
BRDA:15,8,0,0
BRDA:16,9,0,0
BRDA:17,10,0,0
BRDA:18,11,0,0
BRDA:19,12,0,0
BRDA:20,13,0,0
BRDA:21,14,0,0
BRDA:22,15,0,0
BRDA:23,16,0,0
BRDA:24,17,0,0
BRDA:25,18,0,0
BRDA:26,19,0,0
BRDA:27,20,0,0
BRDA:28,21,0,0
BRDA:29,22,0,0
BRDA:30,23,0,0
BRDA:36,24,0,0
BRDA:68,25,0,0
BRDA:69,26,0,0
BRDA:69,26,1,0
BRDA:78,27,0,0
BRDA:78,27,1,0
BRDA:79,28,0,0
BRDA:79,28,1,0
BRDA:80,29,0,0
BRDA:80,29,1,0
BRDA:81,30,0,0
BRDA:81,30,1,0
BRDA:85,31,0,0
BRDA:85,31,1,0
BRDA:100,32,0,0
BRDA:100,32,1,0
BRDA:102,33,0,0
BRDA:102,33,1,0
BRDA:106,34,0,0
BRDA:106,34,1,0
BRDA:107,35,0,0
BRDA:107,35,1,0
BRDA:108,36,0,0
BRDA:108,36,1,0
BRDA:109,37,0,0
BRDA:109,37,1,0
BRDA:110,38,0,0
BRDA:110,38,1,0
BRDA:112,39,0,0
BRDA:112,39,1,0
BRDA:113,40,0,0
BRDA:113,40,1,0
BRDA:117,41,0,0
BRDA:117,41,1,0
BRDA:120,42,0,0
BRDA:120,42,1,0
BRDA:127,43,0,0
BRDA:127,43,1,0
BRDA:130,44,0,0
BRDA:130,44,1,0
BRDA:133,45,0,0
BRDA:133,45,1,0
BRF:66
BRH:0
end_of_record
TN:
SF:src/common/FormTextArea/index.jsx
FN:6,(anonymous_0)
FN:22,(anonymous_1)
FN:24,(anonymous_2)
FN:25,(anonymous_3)
FN:26,(anonymous_4)
FN:32,(anonymous_5)
FN:57,(anonymous_6)
FN:67,(anonymous_7)
FNF:8
FNH:0
FNDA:0,(anonymous_0)
FNDA:0,(anonymous_1)
FNDA:0,(anonymous_2)
FNDA:0,(anonymous_3)
FNDA:0,(anonymous_4)
FNDA:0,(anonymous_5)
FNDA:0,(anonymous_6)
FNDA:0,(anonymous_7)
DA:6,0
DA:29,0
DA:30,0
DA:32,0
DA:33,0
DA:34,0
DA:37,0
DA:57,0
DA:67,0
LF:9
LH:0
BRDA:6,0,0,0
BRDA:8,1,0,0
BRDA:9,2,0,0
BRDA:10,3,0,0
BRDA:12,4,0,0
BRDA:13,5,0,0
BRDA:16,6,0,0
BRDA:17,7,0,0
BRDA:18,8,0,0
BRDA:19,9,0,0
BRDA:20,10,0,0
BRDA:21,11,0,0
BRDA:22,12,0,0
BRDA:23,13,0,0
BRDA:24,14,0,0
BRDA:25,15,0,0
BRDA:26,16,0,0
BRDA:27,17,0,0
BRDA:28,18,0,0
BRDA:29,19,0,0
BRDA:29,19,1,0
BRDA:32,20,0,0
BRDA:40,21,0,0
BRDA:40,21,1,0
BRDA:40,22,0,0
BRDA:40,22,1,0
BRDA:41,23,0,0
BRDA:41,23,1,0
BRDA:41,24,0,0
BRDA:41,24,1,0
BRDA:43,25,0,0
BRDA:43,25,1,0
BRDA:44,26,0,0
BRDA:44,26,1,0
BRDA:45,27,0,0
BRDA:45,27,1,0
BRDA:54,28,0,0
BRDA:54,28,1,0
BRDA:58,29,0,0
BRDA:58,29,1,0
BRDA:59,30,0,0
BRDA:59,30,1,0
BRDA:60,31,0,0
BRDA:60,31,1,0
BRDA:62,32,0,0
BRDA:62,32,1,0
BRDA:63,33,0,0
BRDA:63,33,1,0
BRDA:63,34,0,0
BRDA:63,34,1,0
BRDA:64,35,0,0
BRDA:64,35,1,0
BRDA:66,36,0,0
BRDA:66,36,1,0
BRDA:66,36,2,0
BRDA:72,37,0,0
BRDA:72,37,1,0
BRDA:74,38,0,0
BRDA:74,38,1,0
BRDA:75,39,0,0
BRDA:75,39,1,0
BRDA:78,40,0,0
BRDA:78,40,1,0
BRF:63
BRH:0
end_of_record
TN:
SF:src/common/History/index.js
FNF:0
FNH:0
LF:0
LH:0
BRF:0
BRH:0
end_of_record
TN:
SF:src/common/LabelTooptip/index.jsx
FN:4,(anonymous_0)
FNF:1
FNH:0
FNDA:0,(anonymous_0)
DA:4,0
DA:6,0
DA:7,0
LF:3
LH:0
BRDA:4,0,0,0
BRDA:5,1,0,0
BRDA:5,2,0,0
BRDA:5,3,0,0
BRDA:5,4,0,0
BRDA:6,5,0,0
BRDA:6,6,0,0
BRDA:6,7,0,0
BRDA:6,8,0,0
BRDA:9,9,0,0
BRDA:9,9,1,0
BRDA:9,10,0,0
BRDA:9,10,1,0
BRDA:11,11,0,0
BRDA:11,11,1,0
BRDA:12,12,0,0
BRDA:12,12,1,0
BRDA:13,13,0,0
BRDA:13,13,1,0
BRDA:15,14,0,0
BRDA:15,14,1,0
BRF:21
BRH:0
end_of_record
TN:
SF:src/common/Loader/index.jsx
FN:5,(anonymous_0)
FNF:1
FNH:0
FNDA:0,(anonymous_0)
DA:5,1
DA:10,0
DA:12,0
LF:3
LH:1
BRDA:5,0,0,0
BRDA:8,1,0,0
BRDA:9,2,0,0
BRDA:10,3,0,0
BRDA:10,3,1,0
BRDA:14,4,0,0
BRDA:14,4,1,0
BRDA:16,5,0,0
BRDA:16,5,1,0
BRF:9
BRH:0
end_of_record
TN:
SF:src/common/Modal/Modal1.jsx
FN:7,(anonymous_0)
FN:13,(anonymous_1)
FN:20,(anonymous_2)
FN:23,(anonymous_3)
FNF:4
FNH:0
FNDA:0,(anonymous_0)
FNDA:0,(anonymous_1)
FNDA:0,(anonymous_2)
FNDA:0,(anonymous_3)
DA:5,0
DA:8,0
DA:10,0
DA:14,0
DA:21,0
DA:24,0
LF:6
LH:0
BRDA:14,0,0,0
BRDA:14,0,1,0
BRDA:14,0,2,0
BRDA:21,1,0,0
BRDA:21,1,1,0
BRDA:21,1,2,0
BRF:6
BRH:0
end_of_record
TN:
SF:src/common/Modal/PortalHeader.jsx
FN:7,(anonymous_0)
FN:13,(anonymous_1)
FN:20,(anonymous_2)
FN:23,(anonymous_3)
FNF:4
FNH:0
FNDA:0,(anonymous_0)
FNDA:0,(anonymous_1)
FNDA:0,(anonymous_2)
FNDA:0,(anonymous_3)
DA:5,0
DA:8,0
DA:10,0
DA:14,0
DA:21,0
DA:24,0
LF:6
LH:0
BRDA:14,0,0,0
BRDA:14,0,1,0
BRDA:14,0,2,0
BRDA:21,1,0,0
BRDA:21,1,1,0
BRDA:21,1,2,0
BRF:6
BRH:0
end_of_record
TN:
SF:src/common/Modal/index.jsx
FN:7,(anonymous_0)
FN:13,(anonymous_1)
FN:20,(anonymous_2)
FN:23,(anonymous_3)
FNF:4
FNH:0
FNDA:0,(anonymous_0)
FNDA:0,(anonymous_1)
FNDA:0,(anonymous_2)
FNDA:0,(anonymous_3)
DA:5,1
DA:8,0
DA:10,0
DA:14,0
DA:21,0
DA:24,0
LF:6
LH:1
BRDA:14,0,0,0
BRDA:14,0,1,0
BRDA:14,0,2,0
BRDA:21,1,0,0
BRDA:21,1,1,0
BRDA:21,1,2,0
BRF:6
BRH:0
end_of_record
TN:
SF:src/common/OverlayWithData/index.jsx
FN:4,(anonymous_0)
FNF:1
FNH:0
FNDA:0,(anonymous_0)
DA:4,0
DA:9,0
DA:10,0
LF:3
LH:0
BRDA:4,0,0,0
BRDA:16,1,0,0
BRDA:16,1,1,0
BRDA:16,2,0,0
BRDA:16,2,1,0
BRDA:17,3,0,0
BRDA:17,3,1,0
BRF:7
BRH:0
end_of_record
TN:
SF:src/common/ScrollTopArrow/index.jsx
FN:6,(anonymous_0)
FN:17,(anonymous_1)
FNF:2
FNH:0
FNDA:0,(anonymous_0)
FNDA:0,(anonymous_1)
DA:6,0
DA:9,0
DA:11,0
DA:12,0
DA:17,0
DA:18,0
DA:27,0
LF:7
LH:0
BRDA:6,0,0,0
BRDA:8,1,0,0
BRDA:18,2,0,0
BRDA:18,2,1,0
BRDA:18,2,2,0
BRDA:18,2,3,0
BRDA:31,3,0,0
BRDA:31,3,1,0
BRF:8
BRH:0
end_of_record
TN:
SF:src/common/ScrollTopFullPage/index.jsx
FN:6,(anonymous_0)
FN:15,(anonymous_1)
FN:22,(anonymous_2)
FN:23,(anonymous_3)
FNF:4
FNH:0
FNDA:0,(anonymous_0)
FNDA:0,(anonymous_1)
FNDA:0,(anonymous_2)
FNDA:0,(anonymous_3)
DA:6,0
DA:7,0
DA:8,0
DA:9,0
DA:10,0
DA:11,0
DA:15,0
DA:16,0
DA:22,0
DA:23,0
DA:24,0
DA:25,0
DA:29,0
LF:13
LH:0
BRDA:16,0,0,0
BRDA:16,0,1,0
BRDA:25,1,0,0
BRDA:25,1,1,0
BRDA:31,2,0,0
BRDA:31,2,1,0
BRF:6
BRH:0
end_of_record
TN:
SF:src/common/SliderMenu/index.jsx
FN:5,(anonymous_0)
FN:8,(anonymous_1)
FN:13,(anonymous_2)
FN:17,(anonymous_3)
FN:19,(anonymous_4)
FN:32,(anonymous_5)
FN:33,(anonymous_6)
FN:41,(anonymous_7)
FN:44,(anonymous_8)
FN:48,(anonymous_9)
FNF:10
FNH:0
FNDA:0,(anonymous_0)
FNDA:0,(anonymous_1)
FNDA:0,(anonymous_2)
FNDA:0,(anonymous_3)
FNDA:0,(anonymous_4)
FNDA:0,(anonymous_5)
FNDA:0,(anonymous_6)
FNDA:0,(anonymous_7)
FNDA:0,(anonymous_8)
FNDA:0,(anonymous_9)
DA:5,0
DA:6,0
DA:11,0
DA:13,0
DA:14,0
DA:17,0
DA:18,0
DA:19,0
DA:20,0
DA:25,0
DA:32,0
DA:33,0
DA:41,0
DA:44,0
DA:48,0
LF:15
LH:0
BRDA:5,0,0,0
BRDA:8,1,0,0
BRDA:9,2,0,0
BRDA:10,3,0,0
BRDA:13,4,0,0
BRDA:18,5,0,0
BRDA:18,5,1,0
BRF:7
BRH:0
end_of_record
TN:
SF:src/common/TableFooterCommon/index.jsx
FN:6,(anonymous_0)
FN:11,(anonymous_1)
FN:33,(anonymous_2)
FNF:3
FNH:0
FNDA:0,(anonymous_0)
FNDA:0,(anonymous_1)
FNDA:0,(anonymous_2)
DA:6,0
DA:12,0
DA:13,0
DA:15,0
DA:17,0
LF:5
LH:0
BRDA:6,0,0,0
BRDA:8,1,0,0
BRDA:9,2,0,0
BRDA:10,3,0,0
BRDA:11,4,0,0
BRDA:15,5,0,0
BRDA:15,5,1,0
BRDA:20,6,0,0
BRDA:20,6,1,0
BRF:9
BRH:0
end_of_record
TN:
SF:src/common/ToastContainerJSX/index.jsx
FN:4,(anonymous_0)
FNF:1
FNH:0
FNDA:0,(anonymous_0)
DA:4,0
DA:5,0
LF:2
LH:0
BRF:0
BRH:0
end_of_record
TN:
SF:src/common/httpRestServices/index.js
FN:30,(anonymous_0)
FN:31,(anonymous_1)
FN:36,(anonymous_2)
FN:54,(anonymous_3)
FN:90,(anonymous_4)
FN:120,(anonymous_5)
FN:153,(anonymous_6)
FN:185,(anonymous_7)
FN:211,(anonymous_8)
FN:224,(anonymous_9)
FNF:10
FNH:0
FNDA:0,(anonymous_0)
FNDA:0,(anonymous_1)
FNDA:0,(anonymous_2)
FNDA:0,(anonymous_3)
FNDA:0,(anonymous_4)
FNDA:0,(anonymous_5)
FNDA:0,(anonymous_6)
FNDA:0,(anonymous_7)
FNDA:0,(anonymous_8)
FNDA:0,(anonymous_9)
DA:14,2
DA:22,2
DA:30,2
DA:31,0
DA:36,2
DA:37,0
DA:38,0
DA:39,0
DA:41,0
DA:54,2
DA:55,0
DA:56,0
DA:57,0
DA:59,0
DA:60,0
DA:61,0
DA:62,0
DA:63,0
DA:64,0
DA:65,0
DA:66,0
DA:67,0
DA:68,0
DA:69,0
DA:70,0
DA:71,0
DA:73,0
DA:76,0
DA:90,2
DA:91,0
DA:92,0
DA:93,0
DA:95,0
DA:96,0
DA:97,0
DA:98,0
DA:99,0
DA:100,0
DA:101,0
DA:102,0
DA:103,0
DA:104,0
DA:105,0
DA:106,0
DA:107,0
DA:109,0
DA:112,0
DA:120,2
DA:121,0
DA:122,0
DA:123,0
DA:125,0
DA:126,0
DA:127,0
DA:128,0
DA:129,0
DA:131,0
DA:132,0
DA:133,0
DA:134,0
DA:135,0
DA:136,0
DA:137,0
DA:138,0
DA:139,0
DA:140,0
DA:142,0
DA:145,0
DA:153,2
DA:154,0
DA:155,0
DA:156,0
DA:158,0
DA:159,0
DA:160,0
DA:161,0
DA:162,0
DA:163,0
DA:164,0
DA:165,0
DA:166,0
DA:167,0
DA:168,0
DA:169,0
DA:170,0
DA:172,0
DA:175,0
DA:185,2
DA:186,0
DA:187,0
DA:188,0
DA:190,0
DA:191,0
DA:192,0
DA:193,0
DA:194,0
DA:195,0
DA:196,0
DA:197,0
DA:198,0
DA:199,0
DA:200,0
DA:201,0
DA:202,0
DA:204,0
DA:207,0
DA:211,2
DA:212,0
DA:213,0
DA:215,0
DA:216,0
DA:224,2
DA:225,0
DA:226,0
DA:228,0
DA:229,0
LF:116
LH:11
BRDA:30,0,0,0
BRDA:37,1,0,0
BRDA:37,1,1,0
BRDA:38,2,0,0
BRDA:38,2,1,0
BRDA:54,3,0,0
BRDA:54,4,0,0
BRDA:55,5,0,0
BRDA:55,5,1,0
BRDA:59,6,0,0
BRDA:59,7,0,0
BRDA:59,7,1,0
BRDA:60,8,0,0
BRDA:60,9,0,0
BRDA:60,10,0,0
BRDA:62,11,0,0
BRDA:62,11,1,0
BRDA:62,12,0,0
BRDA:62,12,1,0
BRDA:64,13,0,0
BRDA:64,14,0,0
BRDA:64,14,1,0
BRDA:65,15,0,0
BRDA:65,15,1,0
BRDA:70,16,0,0
BRDA:70,16,1,0
BRDA:70,17,0,0
BRDA:70,17,1,0
BRDA:90,18,0,0
BRDA:90,19,0,0
BRDA:91,20,0,0
BRDA:91,20,1,0
BRDA:95,21,0,0
BRDA:95,22,0,0
BRDA:95,22,1,0
BRDA:96,23,0,0
BRDA:96,24,0,0
BRDA:96,25,0,0
BRDA:98,26,0,0
BRDA:98,26,1,0
BRDA:98,27,0,0
BRDA:98,27,1,0
BRDA:100,28,0,0
BRDA:100,29,0,0
BRDA:100,29,1,0
BRDA:101,30,0,0
BRDA:101,30,1,0
BRDA:106,31,0,0
BRDA:106,31,1,0
BRDA:106,32,0,0
BRDA:106,32,1,0
BRDA:120,33,0,0
BRDA:120,34,0,0
BRDA:120,35,0,0
BRDA:121,36,0,0
BRDA:121,36,1,0
BRDA:125,37,0,0
BRDA:125,38,0,0
BRDA:125,38,1,0
BRDA:126,39,0,0
BRDA:126,40,0,0
BRDA:126,41,0,0
BRDA:128,42,0,0
BRDA:128,42,1,0
BRDA:128,43,0,0
BRDA:128,43,1,0
BRDA:128,43,2,0
BRDA:131,44,0,0
BRDA:131,44,1,0
BRDA:131,45,0,0
BRDA:131,45,1,0
BRDA:133,46,0,0
BRDA:133,47,0,0
BRDA:133,47,1,0
BRDA:134,48,0,0
BRDA:134,48,1,0
BRDA:139,49,0,0
BRDA:139,49,1,0
BRDA:139,50,0,0
BRDA:139,50,1,0
BRDA:153,51,0,0
BRDA:153,52,0,0
BRDA:153,53,0,0
BRDA:154,54,0,0
BRDA:154,54,1,0
BRDA:158,55,0,0
BRDA:158,56,0,0
BRDA:158,56,1,0
BRDA:159,57,0,0
BRDA:159,58,0,0
BRDA:159,59,0,0
BRDA:161,60,0,0
BRDA:161,60,1,0
BRDA:161,61,0,0
BRDA:161,61,1,0
BRDA:163,62,0,0
BRDA:163,63,0,0
BRDA:163,63,1,0
BRDA:164,64,0,0
BRDA:164,64,1,0
BRDA:169,65,0,0
BRDA:169,65,1,0
BRDA:169,66,0,0
BRDA:169,66,1,0
BRDA:185,67,0,0
BRDA:185,68,0,0
BRDA:185,69,0,0
BRDA:186,70,0,0
BRDA:186,70,1,0
BRDA:190,71,0,0
BRDA:190,72,0,0
BRDA:190,72,1,0
BRDA:191,73,0,0
BRDA:191,74,0,0
BRDA:191,75,0,0
BRDA:193,76,0,0
BRDA:193,76,1,0
BRDA:193,77,0,0
BRDA:193,77,1,0
BRDA:195,78,0,0
BRDA:195,79,0,0
BRDA:195,79,1,0
BRDA:196,80,0,0
BRDA:196,80,1,0
BRDA:201,81,0,0
BRDA:201,81,1,0
BRDA:201,82,0,0
BRDA:201,82,1,0
BRDA:211,83,0,0
BRDA:211,84,0,0
BRDA:215,85,0,0
BRDA:215,86,0,0
BRDA:215,86,1,0
BRDA:224,87,0,0
BRDA:228,88,0,0
BRDA:228,89,0,0
BRDA:228,89,1,0
BRF:137
BRH:0
end_of_record
TN:
SF:src/common/toastServices/index.js
FN:12,(anonymous_0)
FN:22,(anonymous_1)
FN:34,(anonymous_2)
FN:45,(anonymous_3)
FN:56,(anonymous_4)
FN:67,(anonymous_5)
FN:79,(anonymous_6)
FN:92,(anonymous_7)
FN:102,(anonymous_8)
FNF:9
FNH:0
FNDA:0,(anonymous_0)
FNDA:0,(anonymous_1)
FNDA:0,(anonymous_2)
FNDA:0,(anonymous_3)
FNDA:0,(anonymous_4)
FNDA:0,(anonymous_5)
FNDA:0,(anonymous_6)
FNDA:0,(anonymous_7)
FNDA:0,(anonymous_8)
DA:4,2
DA:5,2
DA:10,2
DA:12,0
DA:22,0
DA:34,0
DA:45,0
DA:56,0
DA:67,0
DA:79,0
DA:92,0
DA:102,0
LF:12
LH:3
BRDA:22,0,0,0
BRDA:34,1,0,0
BRDA:45,2,0,0
BRDA:56,3,0,0
BRDA:67,4,0,0
BRDA:79,5,0,0
BRDA:92,6,0,0
BRF:7
BRH:0
end_of_record
TN:
SF:src/components/TextInputComponent.jsx
FN:3,(anonymous_0)
FNF:1
FNH:0
FNDA:0,(anonymous_0)
DA:3,0
DA:4,0
DA:5,0
LF:3
LH:0
BRDA:3,0,0,0
BRDA:4,1,0,0
BRDA:4,2,0,0
BRF:3
BRH:0
end_of_record
TN:
SF:src/components/index.js
FNF:0
FNH:0
LF:0
LH:0
BRF:0
BRH:0
end_of_record
TN:
SF:src/components/Badge/index.jsx
FN:4,(anonymous_0)
FNF:1
FNH:0
FNDA:0,(anonymous_0)
DA:4,0
DA:5,0
DA:6,0
LF:3
LH:0
BRDA:4,0,0,0
BRDA:5,1,0,0
BRDA:5,2,0,0
BRDA:5,3,0,0
BRDA:5,4,0,0
BRF:5
BRH:0
end_of_record
TN:
SF:src/components/Common/ActionAlert.jsx
FN:8,(anonymous_0)
FN:18,(anonymous_1)
FN:23,(anonymous_2)
FN:29,(anonymous_3)
FN:30,(anonymous_4)
FN:54,(anonymous_5)
FN:76,(anonymous_6)
FNF:7
FNH:0
FNDA:0,(anonymous_0)
FNDA:0,(anonymous_1)
FNDA:0,(anonymous_2)
FNDA:0,(anonymous_3)
FNDA:0,(anonymous_4)
FNDA:0,(anonymous_5)
FNDA:0,(anonymous_6)
DA:8,0
DA:19,0
DA:21,0
DA:23,0
DA:24,0
DA:25,0
DA:29,0
DA:30,0
DA:31,0
DA:35,0
DA:54,0
DA:76,0
LF:12
LH:0
BRDA:8,0,0,0
BRDA:10,1,0,0
BRDA:11,2,0,0
BRDA:12,3,0,0
BRDA:13,4,0,0
BRDA:14,5,0,0
BRDA:15,6,0,0
BRDA:16,7,0,0
BRDA:17,8,0,0
BRDA:18,9,0,0
BRDA:24,10,0,0
BRDA:24,10,1,0
BRDA:45,11,0,0
BRDA:45,11,1,0
BRDA:45,12,0,0
BRDA:45,12,1,0
BRDA:52,13,0,0
BRDA:52,13,1,0
BRDA:54,14,0,0
BRDA:54,14,1,0
BRDA:54,15,0,0
BRDA:54,15,1,0
BRDA:57,16,0,0
BRDA:57,16,1,0
BRDA:71,17,0,0
BRDA:71,17,1,0
BRF:26
BRH:0
end_of_record
TN:
SF:src/components/Common/ActionPopup.jsx
FN:6,(anonymous_0)
FN:12,(anonymous_1)
FN:15,(anonymous_2)
FN:16,(anonymous_3)
FN:26,(anonymous_4)
FN:29,(anonymous_5)
FN:43,(anonymous_6)
FN:51,(anonymous_7)
FNF:8
FNH:0
FNDA:0,(anonymous_0)
FNDA:0,(anonymous_1)
FNDA:0,(anonymous_2)
FNDA:0,(anonymous_3)
FNDA:0,(anonymous_4)
FNDA:0,(anonymous_5)
FNDA:0,(anonymous_6)
FNDA:0,(anonymous_7)
DA:6,0
DA:17,0
DA:18,0
DA:26,0
DA:29,0
DA:43,0
DA:51,0
LF:7
LH:0
BRDA:6,0,0,0
BRDA:8,1,0,0
BRDA:10,2,0,0
BRDA:11,3,0,0
BRDA:12,4,0,0
BRDA:13,5,0,0
BRDA:14,6,0,0
BRDA:15,7,0,0
BRDA:16,8,0,0
BRDA:32,9,0,0
BRDA:32,9,1,0
BRDA:39,10,0,0
BRDA:39,10,1,0
BRDA:48,11,0,0
BRDA:48,11,1,0
BRF:15
BRH:0
end_of_record
TN:
SF:src/components/Common/CommonCheckbox.jsx
FN:4,(anonymous_0)
FNF:1
FNH:0
FNDA:0,(anonymous_0)
DA:4,0
DA:14,0
DA:16,0
LF:3
LH:0
BRDA:4,0,0,0
BRDA:6,1,0,0
BRDA:7,2,0,0
BRDA:9,3,0,0
BRDA:10,4,0,0
BRDA:11,5,0,0
BRDA:12,6,0,0
BRDA:13,7,0,0
BRDA:18,8,0,0
BRDA:18,8,1,0
BRDA:18,9,0,0
BRDA:18,9,1,0
BRDA:30,10,0,0
BRDA:30,10,1,0
BRDA:32,11,0,0
BRDA:32,11,1,0
BRDA:33,12,0,0
BRDA:33,12,1,0
BRF:18
BRH:0
end_of_record
TN:
SF:src/components/Common/CommonDropDown.jsx
FN:6,(anonymous_0)
FN:16,(anonymous_1)
FN:24,(anonymous_2)
FN:32,(anonymous_3)
FN:39,(anonymous_4)
FN:49,(anonymous_5)
FN:78,(anonymous_6)
FN:89,(anonymous_7)
FNF:8
FNH:0
FNDA:0,(anonymous_0)
FNDA:0,(anonymous_1)
FNDA:0,(anonymous_2)
FNDA:0,(anonymous_3)
FNDA:0,(anonymous_4)
FNDA:0,(anonymous_5)
FNDA:0,(anonymous_6)
FNDA:0,(anonymous_7)
DA:6,0
DA:19,0
DA:20,0
DA:24,0
DA:25,0
DA:29,0
DA:32,0
DA:33,0
DA:39,0
DA:40,0
DA:46,0
DA:49,0
DA:79,0
DA:89,0
LF:14
LH:0
BRDA:6,0,0,0
BRDA:8,1,0,0
BRDA:9,2,0,0
BRDA:10,3,0,0
BRDA:11,4,0,0
BRDA:12,5,0,0
BRDA:13,6,0,0
BRDA:14,7,0,0
BRDA:15,8,0,0
BRDA:16,9,0,0
BRDA:17,10,0,0
BRDA:18,11,0,0
BRDA:24,12,0,0
BRDA:54,13,0,0
BRDA:54,13,1,0
BRDA:55,14,0,0
BRDA:55,14,1,0
BRDA:55,15,0,0
BRDA:55,15,1,0
BRDA:58,16,0,0
BRDA:58,16,1,0
BRDA:59,17,0,0
BRDA:59,17,1,0
BRDA:61,18,0,0
BRDA:61,18,1,0
BRDA:63,19,0,0
BRDA:63,19,1,0
BRDA:69,20,0,0
BRDA:69,20,1,0
BRDA:90,21,0,0
BRDA:90,21,1,0
BRDA:107,22,0,0
BRDA:107,22,1,0
BRF:33
BRH:0
end_of_record
TN:
SF:src/components/EllipseToast/index.jsx
FN:3,(anonymous_0)
FN:6,(anonymous_1)
FN:10,(anonymous_2)
FNF:3
FNH:0
FNDA:0,(anonymous_0)
FNDA:0,(anonymous_1)
FNDA:0,(anonymous_2)
DA:3,0
DA:4,0
DA:6,0
DA:7,0
DA:10,0
DA:11,0
DA:13,0
LF:7
LH:0
BRDA:3,0,0,0
BRDA:4,1,0,0
BRDA:4,2,0,0
BRDA:6,3,0,0
BRDA:6,4,0,0
BRDA:7,5,0,0
BRDA:7,5,1,0
BRDA:10,6,0,0
BRDA:10,7,0,0
BRDA:15,8,0,0
BRDA:15,8,1,0
BRDA:16,9,0,0
BRDA:16,9,1,0
BRF:13
BRH:0
end_of_record
TN:
SF:src/components/Login/ForgotPassword.jsx
FN:20,(anonymous_0)
FN:24,(anonymous_1)
FN:33,(anonymous_2)
FN:38,(anonymous_3)
FN:40,(anonymous_4)
FN:59,(anonymous_5)
FN:80,(anonymous_6)
FN:96,(anonymous_7)
FN:101,(anonymous_8)
FN:142,(anonymous_9)
FN:155,(anonymous_10)
FNF:11
FNH:0
FNDA:0,(anonymous_0)
FNDA:0,(anonymous_1)
FNDA:0,(anonymous_2)
FNDA:0,(anonymous_3)
FNDA:0,(anonymous_4)
FNDA:0,(anonymous_5)
FNDA:0,(anonymous_6)
FNDA:0,(anonymous_7)
FNDA:0,(anonymous_8)
FNDA:0,(anonymous_9)
FNDA:0,(anonymous_10)
DA:20,0
DA:21,0
DA:24,0
DA:25,0
DA:26,0
DA:27,0
DA:28,0
DA:30,0
DA:33,0
DA:34,0
DA:35,0
DA:36,0
DA:37,0
DA:38,0
DA:39,0
DA:40,0
DA:41,0
DA:42,0
DA:43,0
DA:46,0
DA:48,0
DA:52,0
DA:55,0
DA:59,0
DA:60,0
DA:61,0
DA:62,0
DA:63,0
DA:64,0
DA:66,0
DA:67,0
DA:68,0
DA:69,0
DA:70,0
DA:71,0
DA:80,0
DA:81,0
DA:82,0
DA:85,0
DA:86,0
DA:87,0
DA:89,0
DA:96,0
DA:97,0
DA:98,0
DA:101,0
DA:102,0
DA:103,0
DA:104,0
DA:108,0
DA:109,0
DA:110,0
DA:111,0
DA:114,0
DA:142,0
DA:155,0
LF:56
LH:0
BRDA:20,0,0,0
BRDA:20,1,0,0
BRDA:21,2,0,0
BRDA:21,2,1,0
BRDA:21,3,0,0
BRDA:21,3,1,0
BRDA:24,4,0,0
BRDA:24,5,0,0
BRDA:25,6,0,0
BRDA:25,6,1,0
BRDA:27,7,0,0
BRDA:27,7,1,0
BRDA:38,8,0,0
BRDA:38,8,1,0
BRDA:39,9,0,0
BRDA:39,10,0,0
BRDA:45,11,0,0
BRDA:59,12,0,0
BRDA:61,13,0,0
BRDA:61,14,0,0
BRDA:63,15,0,0
BRDA:63,15,1,0
BRDA:64,16,0,0
BRDA:64,16,1,0
BRDA:69,17,0,0
BRDA:70,18,0,0
BRDA:70,18,1,0
BRDA:73,19,0,0
BRDA:73,19,1,0
BRDA:80,20,0,0
BRDA:83,21,0,0
BRDA:83,21,1,0
BRDA:85,22,0,0
BRDA:85,22,1,0
BRDA:91,23,0,0
BRDA:91,23,1,0
BRDA:97,24,0,0
BRDA:98,25,0,0
BRDA:98,25,1,0
BRDA:101,26,0,0
BRDA:102,27,0,0
BRDA:102,27,1,0
BRDA:108,28,0,0
BRDA:108,28,1,0
BRDA:110,29,0,0
BRDA:110,29,1,0
BRDA:116,30,0,0
BRDA:116,30,1,0
BRDA:130,31,0,0
BRDA:130,31,1,0
BRDA:130,32,0,0
BRDA:130,32,1,0
BRDA:139,33,0,0
BRDA:139,33,1,0
BRDA:145,34,0,0
BRDA:145,34,1,0
BRF:56
BRH:0
end_of_record
TN:
SF:src/components/Login/LoginBrandInfo.jsx
FN:5,(anonymous_0)
FNF:1
FNH:0
FNDA:0,(anonymous_0)
DA:5,0
DA:6,0
DA:7,0
LF:3
LH:0
BRDA:26,0,0,0
BRDA:26,0,1,0
BRF:2
BRH:0
end_of_record
TN:
SF:src/components/Login/LoginInputField.jsx
FN:22,(anonymous_0)
FN:29,(anonymous_1)
FN:30,(anonymous_2)
FN:31,(anonymous_3)
FN:32,(anonymous_4)
FN:33,(anonymous_5)
FN:34,(anonymous_6)
FN:40,(anonymous_7)
FN:41,(anonymous_8)
FN:53,(anonymous_9)
FNF:10
FNH:0
FNDA:0,(anonymous_0)
FNDA:0,(anonymous_1)
FNDA:0,(anonymous_2)
FNDA:0,(anonymous_3)
FNDA:0,(anonymous_4)
FNDA:0,(anonymous_5)
FNDA:0,(anonymous_6)
FNDA:0,(anonymous_7)
FNDA:0,(anonymous_8)
FNDA:0,(anonymous_9)
DA:22,1
DA:38,0
DA:39,0
DA:40,0
DA:41,0
DA:42,0
DA:43,0
DA:46,0
DA:53,0
DA:191,1
LF:10
LH:2
BRDA:22,0,0,0
BRDA:24,1,0,0
BRDA:25,2,0,0
BRDA:26,3,0,0
BRDA:27,4,0,0
BRDA:28,5,0,0
BRDA:29,6,0,0
BRDA:30,7,0,0
BRDA:31,8,0,0
BRDA:32,9,0,0
BRDA:33,10,0,0
BRDA:34,11,0,0
BRDA:35,12,0,0
BRDA:36,13,0,0
BRDA:37,14,0,0
BRDA:43,15,0,0
BRDA:43,15,1,0
BRDA:67,16,0,0
BRDA:67,16,1,0
BRDA:67,17,0,0
BRDA:67,17,1,0
BRDA:71,18,0,0
BRDA:71,18,1,0
BRDA:71,19,0,0
BRDA:71,19,1,0
BRDA:71,19,2,0
BRDA:82,20,0,0
BRDA:82,20,1,0
BRDA:82,21,0,0
BRDA:82,21,1,0
BRDA:92,22,0,0
BRDA:92,22,1,0
BRDA:94,23,0,0
BRDA:94,23,1,0
BRDA:102,24,0,0
BRDA:102,24,1,0
BRDA:102,24,2,0
BRDA:113,25,0,0
BRDA:113,25,1,0
BRDA:113,26,0,0
BRDA:113,26,1,0
BRDA:137,27,0,0
BRDA:137,27,1,0
BRDA:148,28,0,0
BRDA:148,28,1,0
BRDA:150,29,0,0
BRDA:150,29,1,0
BRDA:158,30,0,0
BRDA:158,30,1,0
BRDA:180,31,0,0
BRDA:180,31,1,0
BRDA:180,32,0,0
BRDA:180,32,1,0
BRF:53
BRH:0
end_of_record
TN:
SF:src/components/Login/LoginLoader.jsx
FN:4,(anonymous_0)
FNF:1
FNH:0
FNDA:0,(anonymous_0)
DA:4,1
DA:7,0
DA:8,0
DA:9,0
LF:4
LH:1
BRDA:4,0,0,0
BRDA:6,1,0,0
BRDA:7,2,0,0
BRDA:7,2,1,0
BRDA:11,3,0,0
BRDA:11,3,1,0
BRF:6
BRH:0
end_of_record
TN:
SF:src/components/Login/ResetPassword.jsx
FN:41,(anonymous_0)
FN:45,(anonymous_1)
FN:58,(anonymous_2)
FN:83,(anonymous_3)
FN:87,(anonymous_4)
FN:91,(anonymous_5)
FN:124,(anonymous_6)
FN:147,(anonymous_7)
FN:154,(anonymous_8)
FN:159,(anonymous_9)
FNF:10
FNH:0
FNDA:0,(anonymous_0)
FNDA:0,(anonymous_1)
FNDA:0,(anonymous_2)
FNDA:0,(anonymous_3)
FNDA:0,(anonymous_4)
FNDA:0,(anonymous_5)
FNDA:0,(anonymous_6)
FNDA:0,(anonymous_7)
FNDA:0,(anonymous_8)
FNDA:0,(anonymous_9)
DA:41,0
DA:42,0
DA:45,0
DA:46,0
DA:47,0
DA:48,0
DA:49,0
DA:50,0
DA:51,0
DA:52,0
DA:53,0
DA:54,0
DA:55,0
DA:56,0
DA:57,0
DA:58,0
DA:59,0
DA:60,0
DA:62,0
DA:70,0
DA:74,0
DA:78,0
DA:83,0
DA:84,0
DA:87,0
DA:88,0
DA:91,0
DA:92,0
DA:93,0
DA:94,0
DA:95,0
DA:97,0
DA:98,0
DA:99,0
DA:101,0
DA:102,0
DA:104,0
DA:106,0
DA:107,0
DA:108,0
DA:109,0
DA:110,0
DA:111,0
DA:112,0
DA:124,0
DA:125,0
DA:126,0
DA:127,0
DA:128,0
DA:129,0
DA:130,0
DA:132,0
DA:134,0
DA:136,0
DA:139,0
DA:147,0
DA:148,0
DA:149,0
DA:150,0
DA:151,0
DA:154,0
DA:155,0
DA:159,0
DA:160,0
DA:163,0
DA:164,0
DA:165,0
DA:166,0
DA:169,0
LF:69
LH:0
BRDA:41,0,0,0
BRDA:41,1,0,0
BRDA:42,2,0,0
BRDA:42,2,1,0
BRDA:42,3,0,0
BRDA:42,3,1,0
BRDA:45,4,0,0
BRDA:46,5,0,0
BRDA:46,6,0,0
BRDA:46,7,0,0
BRDA:46,8,0,0
BRDA:58,9,0,0
BRDA:58,9,1,0
BRDA:59,10,0,0
BRDA:59,11,0,0
BRDA:91,12,0,0
BRDA:93,13,0,0
BRDA:93,14,0,0
BRDA:95,15,0,0
BRDA:95,15,1,0
BRDA:95,15,2,0
BRDA:110,16,0,0
BRDA:110,16,1,0
BRDA:111,17,0,0
BRDA:111,17,1,0
BRDA:124,18,0,0
BRDA:126,19,0,0
BRDA:126,19,1,0
BRDA:128,20,0,0
BRDA:128,20,1,0
BRDA:129,21,0,0
BRDA:129,21,1,0
BRDA:148,22,0,0
BRDA:148,23,0,0
BRDA:163,24,0,0
BRDA:163,24,1,0
BRDA:165,25,0,0
BRDA:165,25,1,0
BRDA:171,26,0,0
BRDA:171,26,1,0
BRDA:186,27,0,0
BRDA:186,27,1,0
BRDA:200,28,0,0
BRDA:200,28,1,0
BRDA:206,29,0,0
BRDA:206,29,1,0
BRDA:220,30,0,0
BRDA:220,30,1,0
BRDA:243,31,0,0
BRDA:243,31,1,0
BRDA:246,32,0,0
BRDA:246,32,1,0
BRDA:257,33,0,0
BRDA:257,33,1,0
BRF:54
BRH:0
end_of_record
TN:
SF:src/components/Login/index.jsx
FN:27,(anonymous_0)
FN:31,(anonymous_1)
FN:35,(anonymous_2)
FN:36,(anonymous_3)
FN:73,(anonymous_4)
FN:94,(anonymous_5)
FN:102,(anonymous_6)
FN:123,(anonymous_7)
FN:147,(anonymous_8)
FN:153,(anonymous_9)
FN:159,(anonymous_10)
FNF:11
FNH:0
FNDA:0,(anonymous_0)
FNDA:0,(anonymous_1)
FNDA:0,(anonymous_2)
FNDA:0,(anonymous_3)
FNDA:0,(anonymous_4)
FNDA:0,(anonymous_5)
FNDA:0,(anonymous_6)
FNDA:0,(anonymous_7)
FNDA:0,(anonymous_8)
FNDA:0,(anonymous_9)
FNDA:0,(anonymous_10)
DA:27,1
DA:28,0
DA:31,1
DA:32,0
DA:33,0
DA:34,0
DA:35,0
DA:36,0
DA:37,0
DA:38,0
DA:39,0
DA:40,0
DA:43,0
DA:44,0
DA:48,0
DA:49,0
DA:50,0
DA:51,0
DA:52,0
DA:53,0
DA:55,0
DA:59,0
DA:64,0
DA:73,0
DA:74,0
DA:75,0
DA:77,0
DA:78,0
DA:79,0
DA:83,0
DA:84,0
DA:86,0
DA:94,0
DA:95,0
DA:96,0
DA:97,0
DA:98,0
DA:102,0
DA:103,0
DA:104,0
DA:105,0
DA:106,0
DA:107,0
DA:109,0
DA:110,0
DA:111,0
DA:112,0
DA:113,0
DA:114,0
DA:115,0
DA:116,0
DA:123,0
DA:124,0
DA:125,0
DA:126,0
DA:127,0
DA:129,0
DA:130,0
DA:132,0
DA:133,0
DA:135,0
DA:137,0
DA:138,0
DA:139,0
DA:140,0
DA:147,0
DA:148,0
DA:149,0
DA:153,0
DA:154,0
DA:155,0
DA:159,0
DA:160,0
DA:169,0
DA:170,0
DA:173,0
LF:76
LH:2
BRDA:27,0,0,0
BRDA:28,1,0,0
BRDA:28,1,1,0
BRDA:34,2,0,0
BRDA:35,3,0,0
BRDA:35,3,1,0
BRDA:42,4,0,0
BRDA:53,5,0,0
BRDA:53,6,0,0
BRDA:73,7,0,0
BRDA:74,8,0,0
BRDA:74,8,1,0
BRDA:78,9,0,0
BRDA:78,9,1,0
BRDA:81,10,0,0
BRDA:81,10,1,0
BRDA:88,11,0,0
BRDA:88,11,1,0
BRDA:94,12,0,0
BRDA:96,13,0,0
BRDA:96,13,1,0
BRDA:97,14,0,0
BRDA:97,14,1,0
BRDA:98,15,0,0
BRDA:98,15,1,0
BRDA:104,16,0,0
BRDA:104,16,1,0
BRDA:106,17,0,0
BRDA:106,17,1,0
BRDA:123,18,0,0
BRDA:125,19,0,0
BRDA:125,20,0,0
BRDA:127,21,0,0
BRDA:127,21,1,0
BRDA:127,21,2,0
BRDA:142,22,0,0
BRDA:142,22,1,0
BRDA:147,23,0,0
BRDA:148,24,0,0
BRDA:148,24,1,0
BRDA:169,25,0,0
BRDA:169,25,1,0
BRDA:175,26,0,0
BRDA:175,26,1,0
BRDA:175,26,2,0
BRDA:181,27,0,0
BRDA:181,27,1,0
BRDA:200,28,0,0
BRDA:200,28,1,0
BRDA:201,29,0,0
BRDA:201,29,1,0
BRF:51
BRH:0
end_of_record
TN:
SF:src/components/Login/loginPageCommon.js
FN:6,(anonymous_0)
FN:14,(anonymous_1)
FN:22,(anonymous_2)
FN:32,(anonymous_3)
FN:45,(anonymous_4)
FN:53,(anonymous_5)
FN:61,(anonymous_6)
FN:68,(anonymous_7)
FN:75,(anonymous_8)
FN:82,(anonymous_9)
FN:91,(anonymous_10)
FN:101,(anonymous_11)
FN:105,(anonymous_12)
FN:109,(anonymous_13)
FN:115,(anonymous_14)
FNF:15
FNH:11
FNDA:2,(anonymous_0)
FNDA:2,(anonymous_1)
FNDA:2,(anonymous_2)
FNDA:3,(anonymous_3)
FNDA:2,(anonymous_4)
FNDA:2,(anonymous_5)
FNDA:2,(anonymous_6)
FNDA:1,(anonymous_7)
FNDA:1,(anonymous_8)
FNDA:2,(anonymous_9)
FNDA:0,(anonymous_10)
FNDA:1,(anonymous_11)
FNDA:0,(anonymous_12)
FNDA:0,(anonymous_13)
FNDA:0,(anonymous_14)
DA:6,2
DA:7,2
DA:14,2
DA:15,2
DA:22,2
DA:23,2
DA:24,1
DA:25,1
DA:32,2
DA:33,3
DA:34,1
DA:35,2
DA:36,1
DA:38,1
DA:45,2
DA:46,2
DA:53,2
DA:54,2
DA:61,2
DA:62,2
DA:68,2
DA:69,1
DA:75,2
DA:76,1
DA:82,2
DA:83,2
DA:84,1
DA:85,1
DA:91,2
DA:92,0
DA:93,0
DA:95,0
DA:101,2
DA:102,1
DA:105,2
DA:106,0
DA:109,2
DA:110,0
DA:111,0
DA:112,0
DA:115,2
DA:116,0
DA:117,0
DA:120,0
LF:44
LH:34
BRDA:6,0,0,0
BRDA:7,1,0,0
BRDA:7,1,1,2
BRDA:14,2,0,0
BRDA:15,3,0,1
BRDA:15,3,1,1
BRDA:22,4,0,1
BRDA:22,5,0,2
BRDA:23,6,0,1
BRDA:23,6,1,1
BRDA:23,7,0,2
BRDA:23,7,1,1
BRDA:32,8,0,0
BRDA:32,9,0,2
BRDA:33,10,0,1
BRDA:33,10,1,2
BRDA:35,11,0,1
BRDA:35,11,1,1
BRDA:45,12,0,0
BRDA:46,13,0,1
BRDA:46,13,1,1
BRDA:53,14,0,0
BRDA:54,15,0,1
BRDA:54,15,1,1
BRDA:61,16,0,0
BRDA:62,17,0,1
BRDA:62,17,1,1
BRDA:68,18,0,1
BRDA:68,19,0,1
BRDA:69,20,0,0
BRDA:69,20,1,1
BRDA:75,21,0,1
BRDA:76,22,0,0
BRDA:76,22,1,1
BRDA:82,23,0,0
BRDA:82,24,0,2
BRDA:82,25,0,2
BRDA:83,26,0,1
BRDA:83,26,1,1
BRDA:83,27,0,2
BRDA:83,27,1,1
BRDA:83,27,2,1
BRDA:91,28,0,0
BRDA:92,29,0,0
BRDA:92,29,1,0
BRDA:101,30,0,0
BRDA:102,31,0,0
BRDA:102,31,1,1
BRDA:105,32,0,0
BRDA:105,33,0,0
BRDA:106,34,0,0
BRDA:106,34,1,0
BRDA:110,35,0,0
BRDA:110,35,1,0
BRDA:111,36,0,0
BRDA:111,37,0,0
BRDA:115,38,0,0
BRF:57
BRH:33
end_of_record
TN:
SF:src/components/Login/AccountActiveAlert/index.jsx
FN:7,(anonymous_0)
FN:8,(anonymous_1)
FN:9,(anonymous_2)
FN:26,(anonymous_3)
FNF:4
FNH:0
FNDA:0,(anonymous_0)
FNDA:0,(anonymous_1)
FNDA:0,(anonymous_2)
FNDA:0,(anonymous_3)
DA:7,1
DA:8,0
DA:9,0
DA:10,0
DA:11,0
DA:12,0
DA:17,0
DA:26,0
LF:8
LH:1
BRDA:7,0,0,0
BRDA:8,1,0,0
BRDA:10,2,0,0
BRDA:10,2,1,0
BRDA:11,3,0,0
BRDA:11,4,0,0
BRDA:11,5,0,0
BRF:7
BRH:0
end_of_record
TN:
SF:src/components/Login/SSOLogin/helperSSO.js
FN:7,(anonymous_0)
FN:15,(anonymous_1)
FN:26,(anonymous_2)
FN:33,(anonymous_3)
FN:37,(anonymous_4)
FNF:5
FNH:0
FNDA:0,(anonymous_0)
FNDA:0,(anonymous_1)
FNDA:0,(anonymous_2)
FNDA:0,(anonymous_3)
FNDA:0,(anonymous_4)
DA:7,1
DA:8,0
DA:15,1
DA:16,0
DA:17,0
DA:22,0
DA:23,0
DA:26,1
DA:29,0
DA:30,0
DA:33,1
DA:34,0
DA:37,1
DA:38,0
LF:14
LH:5
BRDA:7,0,0,0
BRDA:15,1,0,0
BRDA:16,2,0,0
BRDA:16,3,0,0
BRDA:16,4,0,0
BRDA:26,5,0,0
BRDA:28,6,0,0
BRDA:33,7,0,0
BRDA:37,8,0,0
BRF:9
BRH:0
end_of_record
TN:
SF:src/components/Login/SSOLogin/index.jsx
FN:16,(anonymous_0)
FN:27,(anonymous_1)
FN:47,(anonymous_2)
FN:73,(anonymous_3)
FN:88,(anonymous_4)
FN:93,(anonymous_5)
FN:117,(anonymous_6)
FN:125,(anonymous_7)
FN:148,(anonymous_8)
FN:155,(anonymous_9)
FN:178,(anonymous_10)
FN:195,(anonymous_11)
FNF:12
FNH:0
FNDA:0,(anonymous_0)
FNDA:0,(anonymous_1)
FNDA:0,(anonymous_2)
FNDA:0,(anonymous_3)
FNDA:0,(anonymous_4)
FNDA:0,(anonymous_5)
FNDA:0,(anonymous_6)
FNDA:0,(anonymous_7)
FNDA:0,(anonymous_8)
FNDA:0,(anonymous_9)
FNDA:0,(anonymous_10)
FNDA:0,(anonymous_11)
DA:16,1
DA:20,0
DA:21,0
DA:23,0
DA:24,0
DA:25,0
DA:27,0
DA:28,0
DA:29,0
DA:30,0
DA:35,0
DA:40,0
DA:41,0
DA:42,0
DA:43,0
DA:47,0
DA:48,0
DA:49,0
DA:50,0
DA:51,0
DA:60,0
DA:61,0
DA:62,0
DA:63,0
DA:65,0
DA:67,0
DA:68,0
DA:70,0
DA:73,0
DA:74,0
DA:83,0
DA:84,0
DA:85,0
DA:88,0
DA:89,0
DA:92,0
DA:94,0
DA:95,0
DA:96,0
DA:97,0
DA:98,0
DA:99,0
DA:100,0
DA:109,0
DA:111,0
DA:118,0
DA:122,0
DA:126,0
DA:127,0
DA:128,0
DA:129,0
DA:130,0
DA:131,0
DA:140,0
DA:142,0
DA:144,0
DA:145,0
DA:149,0
DA:150,0
DA:151,0
DA:155,0
DA:156,0
DA:159,0
DA:178,0
DA:195,0
LF:65
LH:1
BRDA:16,0,0,0
BRDA:18,1,0,0
BRDA:19,2,0,0
BRDA:27,3,0,0
BRDA:27,4,0,0
BRDA:28,5,0,0
BRDA:28,6,0,0
BRDA:28,7,0,0
BRDA:28,8,0,0
BRDA:28,9,0,0
BRDA:28,9,1,0
BRDA:29,10,0,0
BRDA:48,11,0,0
BRDA:49,12,0,0
BRDA:49,13,0,0
BRDA:49,14,0,0
BRDA:49,15,0,0
BRDA:49,16,0,0
BRDA:50,17,0,0
BRDA:61,18,0,0
BRDA:61,18,1,0
BRDA:62,19,0,0
BRDA:62,19,1,0
BRDA:73,20,0,0
BRDA:73,21,0,0
BRDA:88,22,0,0
BRDA:94,23,0,0
BRDA:98,24,0,0
BRDA:98,25,0,0
BRDA:98,26,0,0
BRDA:99,27,0,0
BRDA:99,27,1,0
BRDA:129,28,0,0
BRDA:129,29,0,0
BRDA:129,30,0,0
BRDA:130,31,0,0
BRDA:130,31,1,0
BRDA:165,32,0,0
BRDA:165,32,1,0
BRDA:205,33,0,0
BRDA:205,33,1,0
BRF:41
BRH:0
end_of_record
TN:
SF:src/components/MainContent/ActionCommonPopup.jsx
FN:6,(anonymous_0)
FN:21,(anonymous_1)
FN:22,(anonymous_2)
FN:33,(anonymous_3)
FN:39,(anonymous_4)
FN:47,(anonymous_5)
FN:55,(anonymous_6)
FNF:7
FNH:0
FNDA:0,(anonymous_0)
FNDA:0,(anonymous_1)
FNDA:0,(anonymous_2)
FNDA:0,(anonymous_3)
FNDA:0,(anonymous_4)
FNDA:0,(anonymous_5)
FNDA:0,(anonymous_6)
DA:6,0
DA:7,0
DA:17,0
DA:19,0
DA:21,0
DA:22,0
DA:23,0
DA:25,0
DA:28,0
DA:33,0
DA:39,0
DA:47,0
DA:55,0
LF:13
LH:0
BRDA:6,0,0,0
BRDA:12,1,0,0
BRDA:13,2,0,0
BRDA:14,3,0,0
BRDA:15,4,0,0
BRDA:16,5,0,0
BRDA:44,6,0,0
BRDA:44,6,1,0
BRDA:51,7,0,0
BRDA:51,7,1,0
BRF:10
BRH:0
end_of_record
TN:
SF:src/components/MainContent/BlockPopUp.jsx
FN:6,(anonymous_0)
FN:14,(anonymous_1)
FN:15,(anonymous_2)
FN:21,(anonymous_3)
FN:22,(anonymous_4)
FN:37,(anonymous_5)
FN:44,(anonymous_6)
FN:63,(anonymous_7)
FN:70,(anonymous_8)
FNF:9
FNH:0
FNDA:0,(anonymous_0)
FNDA:0,(anonymous_1)
FNDA:0,(anonymous_2)
FNDA:0,(anonymous_3)
FNDA:0,(anonymous_4)
FNDA:0,(anonymous_5)
FNDA:0,(anonymous_6)
FNDA:0,(anonymous_7)
FNDA:0,(anonymous_8)
DA:6,0
DA:17,0
DA:19,0
DA:21,0
DA:22,0
DA:23,0
DA:25,0
DA:28,0
DA:37,0
DA:44,0
DA:63,0
DA:70,0
LF:12
LH:0
BRDA:6,0,0,0
BRDA:8,1,0,0
BRDA:9,2,0,0
BRDA:10,3,0,0
BRDA:11,4,0,0
BRDA:12,5,0,0
BRDA:13,6,0,0
BRDA:14,7,0,0
BRDA:15,8,0,0
BRDA:16,9,0,0
BRDA:49,10,0,0
BRDA:49,10,1,0
BRF:12
BRH:0
end_of_record
TN:
SF:src/components/MainContent/DeletePopup.jsx
FN:7,(anonymous_0)
FN:18,(anonymous_1)
FN:19,(anonymous_2)
FN:30,(anonymous_3)
FN:36,(anonymous_4)
FN:52,(anonymous_5)
FN:59,(anonymous_6)
FNF:7
FNH:0
FNDA:0,(anonymous_0)
FNDA:0,(anonymous_1)
FNDA:0,(anonymous_2)
FNDA:0,(anonymous_3)
FNDA:0,(anonymous_4)
FNDA:0,(anonymous_5)
FNDA:0,(anonymous_6)
DA:7,0
DA:13,0
DA:15,0
DA:16,0
DA:18,0
DA:19,0
DA:20,0
DA:22,0
DA:25,0
DA:30,0
DA:36,0
DA:52,0
DA:59,0
LF:13
LH:0
BRDA:7,0,0,0
BRDA:10,1,0,0
BRDA:11,2,0,0
BRF:3
BRH:0
end_of_record
TN:
SF:src/components/MainContent/PermanentDeletePopup.jsx
FN:7,(anonymous_0)
FN:9,(anonymous_1)
FN:10,(anonymous_2)
FN:16,(anonymous_3)
FN:17,(anonymous_4)
FN:28,(anonymous_5)
FN:34,(anonymous_6)
FN:48,(anonymous_7)
FN:56,(anonymous_8)
FNF:9
FNH:0
FNDA:0,(anonymous_0)
FNDA:0,(anonymous_1)
FNDA:0,(anonymous_2)
FNDA:0,(anonymous_3)
FNDA:0,(anonymous_4)
FNDA:0,(anonymous_5)
FNDA:0,(anonymous_6)
FNDA:0,(anonymous_7)
FNDA:0,(anonymous_8)
DA:7,0
DA:11,0
DA:13,0
DA:14,0
DA:16,0
DA:17,0
DA:18,0
DA:20,0
DA:23,0
DA:28,0
DA:34,0
DA:48,0
DA:56,0
LF:13
LH:0
BRDA:7,0,0,0
BRDA:9,1,0,0
BRDA:10,2,0,0
BRF:3
BRH:0
end_of_record
TN:
SF:src/components/MainContent/Broadcast/index.jsx
FN:29,(anonymous_0)
FN:32,(anonymous_1)
FN:33,(anonymous_2)
FN:35,(anonymous_3)
FN:55,(anonymous_4)
FN:59,(anonymous_5)
FN:66,(anonymous_6)
FN:70,(anonymous_7)
FN:74,(anonymous_8)
FN:92,(anonymous_9)
FN:113,(anonymous_10)
FN:136,(anonymous_11)
FN:158,(anonymous_12)
FN:163,(anonymous_13)
FN:168,setAwsStage
FN:188,(anonymous_15)
FN:208,(anonymous_16)
FN:214,(anonymous_17)
FN:234,(anonymous_18)
FN:242,(anonymous_19)
FN:248,(anonymous_20)
FN:251,(anonymous_21)
FN:269,(anonymous_22)
FN:289,(anonymous_23)
FN:327,(anonymous_24)
FN:330,(anonymous_25)
FN:331,(anonymous_26)
FN:333,(anonymous_27)
FN:333,(anonymous_28)
FN:342,(anonymous_29)
FNF:30
FNH:0
FNDA:0,(anonymous_0)
FNDA:0,(anonymous_1)
FNDA:0,(anonymous_2)
FNDA:0,(anonymous_3)
FNDA:0,(anonymous_4)
FNDA:0,(anonymous_5)
FNDA:0,(anonymous_6)
FNDA:0,(anonymous_7)
FNDA:0,(anonymous_8)
FNDA:0,(anonymous_9)
FNDA:0,(anonymous_10)
FNDA:0,(anonymous_11)
FNDA:0,(anonymous_12)
FNDA:0,(anonymous_13)
FNDA:0,setAwsStage
FNDA:0,(anonymous_15)
FNDA:0,(anonymous_16)
FNDA:0,(anonymous_17)
FNDA:0,(anonymous_18)
FNDA:0,(anonymous_19)
FNDA:0,(anonymous_20)
FNDA:0,(anonymous_21)
FNDA:0,(anonymous_22)
FNDA:0,(anonymous_23)
FNDA:0,(anonymous_24)
FNDA:0,(anonymous_25)
FNDA:0,(anonymous_26)
FNDA:0,(anonymous_27)
FNDA:0,(anonymous_28)
FNDA:0,(anonymous_29)
DA:29,0
DA:30,0
DA:31,0
DA:32,0
DA:33,0
DA:34,0
DA:35,0
DA:37,0
DA:38,0
DA:42,0
DA:43,0
DA:44,0
DA:45,0
DA:46,0
DA:47,0
DA:55,0
DA:56,0
DA:57,0
DA:59,0
DA:60,0
DA:66,0
DA:67,0
DA:70,0
DA:71,0
DA:74,0
DA:76,0
DA:77,0
DA:78,0
DA:80,0
DA:81,0
DA:83,0
DA:90,0
DA:92,0
DA:93,0
DA:94,0
DA:96,0
DA:97,0
DA:101,0
DA:102,0
DA:104,0
DA:107,0
DA:108,0
DA:113,0
DA:114,0
DA:118,0
DA:127,0
DA:128,0
DA:134,0
DA:136,0
DA:137,0
DA:138,0
DA:147,0
DA:148,0
DA:149,0
DA:155,0
DA:158,0
DA:159,0
DA:160,0
DA:161,0
DA:162,0
DA:163,0
DA:165,0
DA:166,0
DA:167,0
DA:169,0
DA:170,0
DA:172,0
DA:173,0
DA:174,0
DA:177,0
DA:188,0
DA:189,0
DA:190,0
DA:206,0
DA:208,0
DA:209,0
DA:214,0
DA:215,0
DA:216,0
DA:224,0
DA:225,0
DA:234,0
DA:235,0
DA:242,0
DA:243,0
DA:248,0
DA:249,0
DA:251,0
DA:252,0
DA:254,0
DA:256,0
DA:258,0
DA:260,0
DA:262,0
DA:264,0
DA:266,0
DA:269,0
DA:270,0
DA:271,0
DA:279,0
DA:289,0
DA:290,0
DA:291,0
DA:295,0
DA:296,0
DA:303,0
DA:328,0
DA:330,0
DA:331,0
DA:333,0
DA:342,0
LF:111
LH:0
BRDA:29,0,0,0
BRDA:59,1,0,0
BRDA:66,2,0,0
BRDA:70,3,0,0
BRDA:76,4,0,0
BRDA:76,4,1,0
BRDA:81,5,0,0
BRDA:81,5,1,0
BRDA:93,6,0,0
BRDA:93,6,1,0
BRDA:94,7,0,0
BRDA:94,7,1,0
BRDA:95,8,0,0
BRDA:95,9,0,0
BRDA:95,10,0,0
BRDA:95,11,0,0
BRDA:104,12,0,0
BRDA:104,12,1,0
BRDA:107,13,0,0
BRDA:107,13,1,0
BRDA:108,14,0,0
BRDA:108,14,1,0
BRDA:109,15,0,0
BRDA:109,15,1,0
BRDA:109,15,2,0
BRDA:114,16,0,0
BRDA:114,16,1,0
BRDA:115,17,0,0
BRDA:115,17,1,0
BRDA:137,18,0,0
BRDA:137,18,1,0
BRDA:160,19,0,0
BRDA:160,19,1,0
BRDA:165,20,0,0
BRDA:165,20,1,0
BRDA:165,21,0,0
BRDA:165,21,1,0
BRDA:166,22,0,0
BRDA:166,22,1,0
BRDA:189,23,0,0
BRDA:189,23,1,0
BRDA:214,24,0,0
BRDA:215,25,0,0
BRDA:215,25,1,0
BRDA:216,26,0,0
BRDA:216,26,1,0
BRDA:248,27,0,0
BRDA:251,28,0,0
BRDA:252,29,0,0
BRDA:252,29,1,0
BRDA:252,29,2,0
BRDA:252,29,3,0
BRDA:252,29,4,0
BRDA:252,29,5,0
BRDA:252,29,6,0
BRDA:270,30,0,0
BRDA:270,30,1,0
BRDA:280,31,0,0
BRDA:280,31,1,0
BRDA:281,32,0,0
BRDA:281,32,1,0
BRDA:290,33,0,0
BRDA:290,33,1,0
BRDA:295,34,0,0
BRDA:295,34,1,0
BRDA:307,35,0,0
BRDA:307,35,1,0
BRDA:316,36,0,0
BRDA:316,36,1,0
BRDA:323,37,0,0
BRDA:323,37,1,0
BRDA:333,38,0,0
BRDA:333,38,1,0
BRDA:339,39,0,0
BRDA:339,39,1,0
BRDA:345,40,0,0
BRDA:345,40,1,0
BRDA:354,41,0,0
BRDA:354,41,1,0
BRF:79
BRH:0
end_of_record
TN:
SF:src/components/MainContent/Broadcast/AddCohostPopup/index.jsx
FN:15,AddCohostPopup
FN:18,(anonymous_1)
FN:19,(anonymous_2)
FN:20,(anonymous_3)
FN:28,(anonymous_4)
FN:30,(anonymous_5)
FN:31,(anonymous_6)
FN:35,(anonymous_7)
FN:38,(anonymous_8)
FN:39,(anonymous_9)
FN:44,(anonymous_10)
FN:51,(anonymous_11)
FN:61,(anonymous_12)
FN:63,(anonymous_13)
FN:69,(anonymous_14)
FN:71,(anonymous_15)
FN:77,(anonymous_16)
FN:79,(anonymous_17)
FN:84,(anonymous_18)
FN:85,(anonymous_19)
FN:89,(anonymous_20)
FN:93,(anonymous_21)
FN:95,(anonymous_22)
FN:103,(anonymous_23)
FN:106,(anonymous_24)
FN:107,(anonymous_25)
FN:110,(anonymous_26)
FN:127,(anonymous_27)
FN:146,(anonymous_28)
FN:153,(anonymous_29)
FN:155,(anonymous_30)
FN:159,(anonymous_31)
FN:162,(anonymous_32)
FN:171,(anonymous_33)
FN:175,(anonymous_34)
FN:178,(anonymous_35)
FN:186,(anonymous_36)
FN:188,(anonymous_37)
FN:193,(anonymous_38)
FN:197,(anonymous_39)
FN:206,(anonymous_40)
FN:210,(anonymous_41)
FN:213,(anonymous_42)
FN:221,(anonymous_43)
FN:226,(anonymous_44)
FN:227,(anonymous_45)
FN:232,(anonymous_46)
FN:236,(anonymous_47)
FN:242,(anonymous_48)
FN:263,(anonymous_49)
FN:270,(anonymous_50)
FN:285,(anonymous_51)
FN:287,(anonymous_52)
FN:295,(anonymous_53)
FN:301,(anonymous_54)
FN:317,(anonymous_55)
FN:329,(anonymous_56)
FN:353,(anonymous_57)
FN:361,(anonymous_58)
FN:379,(anonymous_59)
FN:393,(anonymous_60)
FN:400,(anonymous_61)
FNF:62
FNH:0
FNDA:0,AddCohostPopup
FNDA:0,(anonymous_1)
FNDA:0,(anonymous_2)
FNDA:0,(anonymous_3)
FNDA:0,(anonymous_4)
FNDA:0,(anonymous_5)
FNDA:0,(anonymous_6)
FNDA:0,(anonymous_7)
FNDA:0,(anonymous_8)
FNDA:0,(anonymous_9)
FNDA:0,(anonymous_10)
FNDA:0,(anonymous_11)
FNDA:0,(anonymous_12)
FNDA:0,(anonymous_13)
FNDA:0,(anonymous_14)
FNDA:0,(anonymous_15)
FNDA:0,(anonymous_16)
FNDA:0,(anonymous_17)
FNDA:0,(anonymous_18)
FNDA:0,(anonymous_19)
FNDA:0,(anonymous_20)
FNDA:0,(anonymous_21)
FNDA:0,(anonymous_22)
FNDA:0,(anonymous_23)
FNDA:0,(anonymous_24)
FNDA:0,(anonymous_25)
FNDA:0,(anonymous_26)
FNDA:0,(anonymous_27)
FNDA:0,(anonymous_28)
FNDA:0,(anonymous_29)
FNDA:0,(anonymous_30)
FNDA:0,(anonymous_31)
FNDA:0,(anonymous_32)
FNDA:0,(anonymous_33)
FNDA:0,(anonymous_34)
FNDA:0,(anonymous_35)
FNDA:0,(anonymous_36)
FNDA:0,(anonymous_37)
FNDA:0,(anonymous_38)
FNDA:0,(anonymous_39)
FNDA:0,(anonymous_40)
FNDA:0,(anonymous_41)
FNDA:0,(anonymous_42)
FNDA:0,(anonymous_43)
FNDA:0,(anonymous_44)
FNDA:0,(anonymous_45)
FNDA:0,(anonymous_46)
FNDA:0,(anonymous_47)
FNDA:0,(anonymous_48)
FNDA:0,(anonymous_49)
FNDA:0,(anonymous_50)
FNDA:0,(anonymous_51)
FNDA:0,(anonymous_52)
FNDA:0,(anonymous_53)
FNDA:0,(anonymous_54)
FNDA:0,(anonymous_55)
FNDA:0,(anonymous_56)
FNDA:0,(anonymous_57)
FNDA:0,(anonymous_58)
FNDA:0,(anonymous_59)
FNDA:0,(anonymous_60)
FNDA:0,(anonymous_61)
DA:16,0
DA:21,0
DA:22,0
DA:23,0
DA:24,0
DA:25,0
DA:26,0
DA:27,0
DA:28,0
DA:29,0
DA:30,0
DA:31,0
DA:32,0
DA:33,0
DA:34,0
DA:35,0
DA:36,0
DA:38,0
DA:39,0
DA:40,0
DA:42,0
DA:44,0
DA:45,0
DA:46,0
DA:47,0
DA:48,0
DA:49,0
DA:51,0
DA:52,0
DA:53,0
DA:54,0
DA:55,0
DA:57,0
DA:58,0
DA:61,0
DA:62,0
DA:63,0
DA:65,0
DA:66,0
DA:67,0
DA:68,0
[...]
DA:11,0
DA:17,1
DA:18,0
DA:23,1
DA:24,0
DA:30,1
DA:31,0
DA:37,1
DA:38,0
DA:44,1
DA:45,0
DA:51,1
DA:52,0
DA:58,1
DA:59,0
DA:65,1
DA:66,0
DA:72,1
DA:73,0
DA:79,1
DA:80,0
DA:86,1
DA:87,0
DA:93,1
DA:94,0
DA:100,1
DA:101,0
DA:107,1
DA:108,0
DA:114,1
DA:115,0
LF:34
LH:17
BRDA:3,0,0,0
BRDA:10,1,0,0
BRDA:17,2,0,0
BRDA:23,3,0,0
BRDA:30,4,0,0
BRDA:37,5,0,0
BRDA:44,6,0,0
BRDA:51,7,0,0
BRDA:58,8,0,0
BRDA:65,9,0,0
BRDA:72,10,0,0
BRDA:79,11,0,0
BRDA:86,12,0,0
BRDA:93,13,0,0
BRDA:100,14,0,0
BRDA:107,15,0,0
BRDA:114,16,0,0
BRF:17
BRH:0
end_of_record
TN:
SF:src/store/action/changePasswordAction.js
FN:7,(anonymous_0)
FNF:1
FNH:0
FNDA:0,(anonymous_0)
DA:7,0
DA:8,0
LF:2
LH:0
BRDA:7,0,0,0
BRF:1
BRH:0
end_of_record
TN:
SF:src/store/action/customeAction.js
FN:6,(anonymous_0)
FN:13,(anonymous_1)
FN:20,(anonymous_2)
FN:32,(anonymous_3)
FN:39,(anonymous_4)
FN:46,(anonymous_5)
FN:53,(anonymous_6)
FN:60,(anonymous_7)
FN:64,(anonymous_8)
FN:71,(anonymous_9)
FNF:10
FNH:0
FNDA:0,(anonymous_0)
FNDA:0,(anonymous_1)
FNDA:0,(anonymous_2)
FNDA:0,(anonymous_3)
FNDA:0,(anonymous_4)
FNDA:0,(anonymous_5)
FNDA:0,(anonymous_6)
FNDA:0,(anonymous_7)
FNDA:0,(anonymous_8)
FNDA:0,(anonymous_9)
DA:6,1
DA:7,0
DA:13,1
DA:14,0
DA:20,1
DA:21,0
DA:32,1
DA:33,0
DA:39,1
DA:40,0
DA:46,1
DA:47,0
DA:53,1
DA:54,0
DA:60,1
DA:61,0
DA:62,0
DA:64,1
DA:65,0
DA:71,1
DA:72,0
DA:73,0
DA:74,0
LF:23
LH:10
BRDA:6,0,0,0
BRDA:13,1,0,0
BRDA:20,2,0,0
BRDA:32,3,0,0
BRDA:39,4,0,0
BRDA:46,5,0,0
BRDA:53,6,0,0
BRDA:60,7,0,0
BRDA:64,8,0,0
BRDA:72,9,0,0
BRDA:72,9,1,0
BRDA:73,10,0,0
BRDA:73,11,0,0
BRDA:73,12,0,0
BRDA:73,12,1,0
BRF:15
BRH:0
end_of_record
TN:
SF:src/store/action/forgetPassAction.js
FN:3,(anonymous_0)
FN:10,(anonymous_1)
FN:17,(anonymous_2)
FNF:3
FNH:3
FNDA:1,(anonymous_0)
FNDA:1,(anonymous_1)
FNDA:1,(anonymous_2)
DA:3,1
DA:4,1
DA:10,1
DA:11,1
DA:17,1
DA:18,1
LF:6
LH:6
BRDA:3,0,0,1
BRDA:10,1,0,1
BRDA:17,2,0,1
BRF:3
BRH:3
end_of_record
TN:
SF:src/store/action/inviteMemberAction.js
FN:3,(anonymous_0)
FN:11,(anonymous_1)
FNF:2
FNH:0
FNDA:0,(anonymous_0)
FNDA:0,(anonymous_1)
DA:3,0
DA:4,0
DA:11,0
DA:12,0
LF:4
LH:0
BRDA:3,0,0,0
BRDA:3,1,0,0
BRDA:11,2,0,0
BRF:3
BRH:0
end_of_record
TN:
SF:src/store/action/loginAction.js
FN:3,(anonymous_0)
FN:10,(anonymous_1)
FN:17,(anonymous_2)
FN:24,(anonymous_3)
FNF:4
FNH:3
FNDA:1,(anonymous_0)
FNDA:1,(anonymous_1)
FNDA:1,(anonymous_2)
FNDA:0,(anonymous_3)
DA:3,2
DA:4,1
DA:10,2
DA:11,1
DA:17,2
DA:18,1
DA:24,2
DA:25,0
LF:8
LH:7
BRDA:3,0,0,1
BRDA:10,1,0,1
BRDA:17,2,0,1
BRDA:24,3,0,0
BRF:4
BRH:3
end_of_record
TN:
SF:src/store/action/organisationAction.js
FN:3,(anonymous_0)
FN:9,(anonymous_1)
FNF:2
FNH:0
FNDA:0,(anonymous_0)
FNDA:0,(anonymous_1)
DA:3,1
DA:4,0
DA:9,1
DA:10,0
DA:11,0
LF:5
LH:2
BRDA:9,0,0,0
BRF:1
BRH:0
end_of_record
TN:
SF:src/store/action/registerAction.js
FN:3,(anonymous_0)
FN:10,(anonymous_1)
FN:17,(anonymous_2)
FNF:3
FNH:3
FNDA:1,(anonymous_0)
FNDA:1,(anonymous_1)
FNDA:1,(anonymous_2)
DA:3,1
DA:4,1
DA:10,1
DA:11,1
DA:17,1
DA:18,1
LF:6
LH:6
BRDA:3,0,0,1
BRDA:10,1,0,1
BRDA:17,2,0,1
BRF:3
BRH:3
end_of_record
TN:
SF:src/store/action/resetPassAction.js
FN:3,(anonymous_0)
FN:10,(anonymous_1)
FN:17,(anonymous_2)
FN:24,(anonymous_3)
FNF:4
FNH:4
FNDA:1,(anonymous_0)
FNDA:1,(anonymous_1)
FNDA:1,(anonymous_2)
FNDA:1,(anonymous_3)
DA:3,1
DA:4,1
DA:10,1
DA:11,1
DA:17,1
DA:18,1
DA:24,1
DA:25,1
LF:8
LH:8
BRDA:3,0,0,1
BRDA:10,1,0,1
BRDA:17,2,0,1
BRDA:24,3,0,1
BRF:4
BRH:4
end_of_record
TN:
SF:src/store/action/tempAction.js
FN:3,(anonymous_0)
FNF:1
FNH:0
FNDA:0,(anonymous_0)
DA:3,1
DA:4,0
DA:5,0
LF:3
LH:1
BRDA:3,0,0,0
BRF:1
BRH:0
end_of_record
TN:
SF:src/store/actionTypes/ResetPassPassTypes.js
FNF:0
FNH:0
DA:1,2
DA:2,2
DA:3,2
DA:4,2
LF:4
LH:4
BRF:0
BRH:0
end_of_record
TN:
SF:src/store/actionTypes/awsTypes.js
FNF:0
FNH:0
DA:1,1
DA:2,1
DA:3,1
DA:4,1
DA:5,1
DA:6,1
DA:7,1
DA:8,1
DA:9,1
DA:10,1
DA:11,1
DA:12,1
DA:13,1
DA:14,1
DA:15,1
DA:16,1
DA:17,1
DA:18,1
LF:18
LH:18
BRF:0
BRH:0
end_of_record
TN:
SF:src/store/actionTypes/changePasswordTypes.js
FNF:0
FNH:0
DA:1,1
DA:2,1
LF:2
LH:2
BRF:0
BRH:0
end_of_record
TN:
SF:src/store/actionTypes/customerTypes.js
FNF:0
FNH:0
DA:1,1
DA:2,1
DA:3,1
DA:4,1
DA:5,1
DA:6,1
DA:7,1
DA:8,1
DA:9,1
DA:10,1
DA:11,1
DA:12,1
DA:13,1
DA:14,1
DA:15,1
DA:16,1
DA:17,1
DA:18,1
DA:19,1
DA:20,1
DA:21,1
DA:22,1
DA:23,1
DA:24,1
DA:25,1
LF:25
LH:25
BRF:0
BRH:0
end_of_record
TN:
SF:src/store/actionTypes/forgetPassTypes.js
FNF:0
FNH:0
DA:1,2
DA:2,2
DA:3,2
LF:3
LH:3
BRF:0
BRH:0
end_of_record
TN:
SF:src/store/actionTypes/inviteMemberTypes.js
FNF:0
FNH:0
DA:1,1
DA:2,1
LF:2
LH:2
BRF:0
BRH:0
end_of_record
TN:
SF:src/store/actionTypes/loginTypes.js
FNF:0
FNH:0
DA:1,2
DA:2,2
DA:3,2
DA:4,2
LF:4
LH:4
BRF:0
BRH:0
end_of_record
TN:
SF:src/store/actionTypes/registerTypes.js
FNF:0
FNH:0
DA:1,1
DA:2,1
DA:3,1
LF:3
LH:3
BRF:0
BRH:0
end_of_record
TN:
SF:src/store/reducer/CusReducer.js
FN:29,(anonymous_0)
FNF:1
FNH:1
FNDA:16,(anonymous_0)
DA:1,2
DA:29,2
DA:30,16
DA:32,1
DA:38,1
DA:44,1
DA:50,1
DA:56,1
DA:62,1
DA:68,1
DA:74,1
DA:80,1
DA:86,1
DA:92,1
DA:99,0
DA:106,0
DA:112,0
DA:118,1
DA:124,0
DA:130,0
DA:136,0
DA:142,0
DA:148,0
DA:154,0
DA:160,0
DA:166,0
DA:172,0
DA:178,0
DA:184,0
DA:190,4
LF:30
LH:16
BRDA:29,0,0,5
BRDA:29,1,0,0
BRDA:30,2,0,1
BRDA:30,2,1,1
BRDA:30,2,2,1
BRDA:30,2,3,1
BRDA:30,2,4,1
BRDA:30,2,5,1
BRDA:30,2,6,1
BRDA:30,2,7,1
BRDA:30,2,8,1
BRDA:30,2,9,1
BRDA:30,2,10,1
BRDA:30,2,11,0
BRDA:30,2,12,0
BRDA:30,2,13,0
BRDA:30,2,14,1
BRDA:30,2,15,0
BRDA:30,2,16,0
BRDA:30,2,17,0
BRDA:30,2,18,0
BRDA:30,2,19,0
BRDA:30,2,20,0
BRDA:30,2,21,0
BRDA:30,2,22,0
BRDA:30,2,23,0
BRDA:30,2,24,0
BRDA:30,2,25,0
BRDA:30,2,26,4
BRF:29
BRH:14
end_of_record
TN:
SF:src/store/reducer/awsReducer.js
FN:21,(anonymous_0)
FN:54,(anonymous_1)
FN:73,(anonymous_2)
FN:102,(anonymous_3)
FN:151,(anonymous_4)
FN:171,(anonymous_5)
FN:188,(anonymous_6)
FN:207,(anonymous_7)
FNF:8
FNH:8
FNDA:3,(anonymous_0)
FNDA:3,(anonymous_1)
FNDA:3,(anonymous_2)
FNDA:3,(anonymous_3)
FNDA:3,(anonymous_4)
FNDA:3,(anonymous_5)
FNDA:3,(anonymous_6)
FNDA:3,(anonymous_7)
DA:8,1
DA:13,1
DA:14,1
DA:15,1
DA:16,1
DA:17,1
DA:18,1
DA:19,1
DA:21,1
DA:22,3
DA:24,0
DA:33,0
DA:39,0
DA:50,3
DA:54,1
DA:58,3
DA:60,0
DA:63,0
DA:66,0
DA:69,3
DA:73,1
DA:77,3
DA:79,0
DA:85,0
DA:91,0
DA:92,0
DA:98,3
DA:102,1
DA:106,3
DA:108,0
DA:113,0
DA:123,0
DA:133,0
DA:142,0
DA:147,3
DA:151,1
DA:155,3
DA:157,0
DA:162,0
DA:167,3
DA:171,1
DA:172,3
DA:174,0
DA:179,0
DA:184,3
DA:188,1
DA:192,3
DA:194,0
DA:197,0
DA:200,0
DA:203,3
DA:207,1
DA:211,3
DA:213,0
DA:216,0
DA:219,0
DA:222,3
LF:57
LH:32
BRDA:21,0,0,3
BRDA:21,1,0,0
BRDA:22,2,0,0
BRDA:22,2,1,0
BRDA:22,2,2,0
BRDA:22,2,3,3
BRDA:55,3,0,3
BRDA:56,4,0,0
BRDA:58,5,0,0
BRDA:58,5,1,0
BRDA:58,5,2,0
BRDA:58,5,3,3
BRDA:74,6,0,3
BRDA:75,7,0,0
BRDA:77,8,0,0
BRDA:77,8,1,0
BRDA:77,8,2,0
BRDA:77,8,3,3
BRDA:103,9,0,3
BRDA:104,10,0,0
BRDA:106,11,0,0
BRDA:106,11,1,0
BRDA:106,11,2,0
BRDA:106,11,3,0
BRDA:106,11,4,0
BRDA:106,11,5,3
BRDA:152,12,0,3
BRDA:153,13,0,0
BRDA:155,14,0,0
BRDA:155,14,1,0
BRDA:155,14,2,3
BRDA:171,15,0,3
BRDA:171,16,0,0
BRDA:172,17,0,0
BRDA:172,17,1,0
BRDA:172,17,2,3
BRDA:189,18,0,3
BRDA:190,19,0,0
BRDA:192,20,0,0
BRDA:192,20,1,0
BRDA:192,20,2,0
BRDA:192,20,3,3
BRDA:208,21,0,3
BRDA:209,22,0,0
BRDA:211,23,0,0
BRDA:211,23,1,0
BRDA:211,23,2,0
BRDA:211,23,3,3
BRF:48
BRH:16
end_of_record
TN:
SF:src/store/reducer/awsReducerHelper.js
FN:1,(anonymous_0)
FN:2,(anonymous_1)
FN:5,(anonymous_2)
FN:9,(anonymous_3)
FN:22,(anonymous_4)
FN:23,(anonymous_5)
FNF:6
FNH:0
FNDA:0,(anonymous_0)
FNDA:0,(anonymous_1)
FNDA:0,(anonymous_2)
FNDA:0,(anonymous_3)
FNDA:0,(anonymous_4)
FNDA:0,(anonymous_5)
DA:1,1
DA:2,0
DA:5,1
DA:6,0
DA:7,0
DA:10,0
DA:11,0
DA:13,0
DA:16,0
DA:22,1
DA:23,0
DA:24,0
DA:25,0
LF:13
LH:3
BRDA:10,0,0,0
BRDA:10,0,1,0
BRDA:24,1,0,0
BRDA:24,1,1,0
BRF:4
BRH:0
end_of_record
TN:
SF:src/store/reducer/changePasswordReducer.js
FN:6,(anonymous_0)
FNF:1
FNH:1
FNDA:3,(anonymous_0)
DA:1,1
DA:6,1
DA:8,3
DA:9,0
DA:14,3
DA:15,0
DA:20,3
DA:21,0
DA:27,3
LF:9
LH:6
BRDA:6,0,0,3
BRDA:6,1,0,0
BRDA:8,2,0,0
BRDA:8,2,1,3
BRDA:14,3,0,0
BRDA:14,3,1,3
BRDA:20,4,0,0
BRDA:20,4,1,3
BRF:8
BRH:4
end_of_record
TN:
SF:src/store/reducer/commonDataReducer.js
FN:6,(anonymous_0)
FNF:1
FNH:1
FNDA:3,(anonymous_0)
DA:1,1
DA:6,1
DA:7,3
DA:9,0
DA:16,0
DA:22,0
DA:28,3
LF:7
LH:4
BRDA:6,0,0,3
BRDA:6,1,0,0
BRDA:7,2,0,0
BRDA:7,2,1,0
BRDA:7,2,2,0
BRDA:7,2,3,3
BRF:6
BRH:2
end_of_record
TN:
SF:src/store/reducer/index.js
FNF:0
FNH:0
DA:21,1
LF:1
LH:1
BRF:0
BRH:0
end_of_record
TN:
SF:src/store/reducer/inviteMemberReducer.js
FN:6,(anonymous_0)
FNF:1
FNH:1
FNDA:3,(anonymous_0)
DA:1,1
DA:6,1
DA:10,3
DA:12,0
DA:19,0
DA:26,3
LF:6
LH:4
BRDA:7,0,0,3
BRDA:8,1,0,0
BRDA:10,2,0,0
BRDA:10,2,1,0
BRDA:10,2,2,3
BRF:5
BRH:2
end_of_record
TN:
SF:src/store/reducer/loaderReducer.js
FN:21,(anonymous_0)
FNF:1
FNH:1
FNDA:7,(anonymous_0)
DA:1,2
DA:21,2
DA:23,7
DA:25,1
DA:31,0
DA:37,1
DA:43,1
DA:49,0
DA:55,0
DA:62,0
DA:69,0
DA:76,0
DA:83,0
DA:90,0
DA:97,0
DA:104,0
DA:111,0
DA:118,0
DA:125,0
DA:132,0
DA:139,0
DA:146,4
LF:22
LH:7
BRDA:21,0,0,5
BRDA:21,1,0,0
BRDA:23,2,0,1
BRDA:23,2,1,0
BRDA:23,2,2,1
BRDA:23,2,3,1
BRDA:23,2,4,0
BRDA:23,2,5,0
BRDA:23,2,6,0
BRDA:23,2,7,0
BRDA:23,2,8,0
BRDA:23,2,9,0
BRDA:23,2,10,0
BRDA:23,2,11,0
BRDA:23,2,12,0
BRDA:23,2,13,0
BRDA:23,2,14,0
BRDA:23,2,15,0
BRDA:23,2,16,0
BRDA:23,2,17,0
BRDA:23,2,18,4
BRF:21
BRH:5
end_of_record
TN:
SF:src/store/reducer/loginReducer.js
FN:9,(anonymous_0)
FNF:1
FNH:1
FNDA:11,(anonymous_0)
DA:1,2
DA:9,2
DA:10,11
DA:12,1
DA:17,1
DA:24,0
DA:31,0
DA:38,1
DA:44,1
DA:50,1
DA:57,1
DA:63,5
LF:12
LH:10
BRDA:9,0,0,5
BRDA:9,1,0,0
BRDA:10,2,0,1
BRDA:10,2,1,1
BRDA:10,2,2,0
BRDA:10,2,3,0
BRDA:10,2,4,1
BRDA:10,2,5,1
BRDA:10,2,6,1
BRDA:10,2,7,1
BRDA:10,2,8,5
BRF:11
BRH:8
end_of_record
TN:
SF:src/store/reducer/organisationReducer.js
FN:6,(anonymous_0)
FN:35,(anonymous_1)
FNF:2
FNH:2
FNDA:3,(anonymous_0)
FNDA:3,(anonymous_1)
DA:1,1
DA:6,1
DA:10,3
DA:12,0
DA:19,0
DA:26,3
DA:32,1
DA:35,1
DA:36,3
DA:37,0
DA:39,3
LF:11
LH:8
BRDA:7,0,0,3
BRDA:8,1,0,0
BRDA:10,2,0,0
BRDA:10,2,1,0
BRDA:10,2,2,3
BRDA:35,3,0,3
BRDA:35,4,0,0
BRDA:36,5,0,0
BRDA:36,5,1,3
BRF:9
BRH:4
end_of_record
TN:
SF:src/store/reducer/tempReducer.js
FN:4,(anonymous_0)
FNF:1
FNH:1
FNDA:3,(anonymous_0)
DA:1,1
DA:4,1
DA:5,3
DA:6,0
DA:8,3
LF:5
LH:4
BRDA:4,0,0,3
BRDA:4,1,0,0
BRDA:5,2,0,0
BRDA:5,2,1,3
BRF:4
BRH:2
end_of_record
TN:
SF:src/store/sagas/ChangePasswordSaga.js
FN:7,doChngPasswrd
FN:54,rootChangePswPostSaga
FNF:2
FNH:1
FNDA:0,doChngPasswrd
FNDA:1,rootChangePswPostSaga
DA:8,0
DA:9,0
DA:10,0
DA:11,0
DA:12,0
DA:13,0
DA:14,0
DA:15,0
DA:16,0
DA:17,0
DA:18,0
DA:21,0
DA:25,0
DA:26,0
DA:27,0
DA:30,0
DA:34,0
DA:35,0
DA:38,0
DA:44,0
DA:45,0
DA:48,0
DA:55,1
LF:23
LH:1
BRDA:7,0,0,0
BRDA:10,1,0,0
BRDA:10,2,0,0
BRDA:10,2,1,0
BRDA:11,3,0,0
BRDA:11,3,1,0
BRDA:13,4,0,0
BRDA:13,5,0,0
BRDA:13,6,0,0
BRDA:13,6,1,0
BRDA:25,7,0,0
BRDA:25,7,1,0
BRDA:25,8,0,0
BRDA:25,8,1,0
BRF:14
BRH:0
end_of_record
TN:
SF:src/store/sagas/awsIvsSaga.js
FN:14,createStage
FN:48,getMeetData
FN:65,getBroadcastData
FN:85,updateCallStatus
FN:95,rootAwsSaga
FNF:5
FNH:1
FNDA:0,createStage
FNDA:0,getMeetData
FNDA:0,getBroadcastData
FNDA:0,updateCallStatus
FNDA:1,rootAwsSaga
DA:15,0
DA:16,0
DA:17,0
DA:18,0
DA:19,0
DA:20,0
DA:21,0
DA:22,0
DA:28,0
DA:29,0
DA:30,0
DA:31,0
DA:32,0
DA:41,0
DA:44,0
DA:49,0
DA:50,0
DA:51,0
DA:52,0
DA:53,0
DA:54,0
DA:66,0
DA:67,0
DA:68,0
DA:69,0
DA:70,0
DA:71,0
DA:78,0
DA:80,0
DA:86,0
DA:87,0
DA:88,0
DA:89,0
DA:90,0
DA:96,1
DA:97,1
DA:98,1
DA:99,1
LF:38
LH:4
BRDA:16,0,0,0
BRDA:16,1,0,0
BRDA:21,2,0,0
BRDA:21,2,1,0
BRDA:53,3,0,0
BRDA:53,3,1,0
BRDA:70,4,0,0
BRDA:70,4,1,0
BRDA:89,5,0,0
BRDA:89,5,1,0
BRF:10
BRH:0
end_of_record
TN:
SF:src/store/sagas/customerSaga.js
FN:24,getPlanType
FN:30,(anonymous_1)
FN:60,(anonymous_2)
FN:65,addCustomer
FN:91,(anonymous_4)
FN:99,getCusList
FN:122,(anonymous_6)
FN:127,deleteCustomer
FN:149,updateCusList
FN:162,(anonymous_9)
FN:182,getCustomerDetailsSaga
FN:211,getDeleteRequestCountSaga
FN:239,getdeleteRequestStatusSaga
FN:264,getCancelSubscriptionRequestCountSaga
FN:298,getDeleteRequestListSaga
FN:338,getDeletedListSaga
FN:378,getDeleteFromRequestSaga
FN:403,getCancelSubscriptionRequestListSaga
FN:448,getCancelledSubscriptionListSaga
FN:494,approveCanceleSubscriptionRequestSaga
FN:519,cancelSubscriptionPopupOpen
FN:527,customerSaga
FNF:22
FNH:1
FNDA:0,getPlanType
FNDA:0,(anonymous_1)
FNDA:0,(anonymous_2)
FNDA:0,addCustomer
FNDA:0,(anonymous_4)
FNDA:0,getCusList
FNDA:0,(anonymous_6)
FNDA:0,deleteCustomer
FNDA:0,updateCusList
FNDA:0,(anonymous_9)
FNDA:0,getCustomerDetailsSaga
FNDA:0,getDeleteRequestCountSaga
FNDA:0,getdeleteRequestStatusSaga
FNDA:0,getCancelSubscriptionRequestCountSaga
FNDA:0,getDeleteRequestListSaga
FNDA:0,getDeletedListSaga
FNDA:0,getDeleteFromRequestSaga
FNDA:0,getCancelSubscriptionRequestListSaga
FNDA:0,getCancelledSubscriptionListSaga
FNDA:0,approveCanceleSubscriptionRequestSaga
FNDA:0,cancelSubscriptionPopupOpen
FNDA:1,customerSaga
DA:25,0
DA:26,0
DA:28,0
DA:29,0
DA:30,0
DA:31,0
DA:32,0
DA:37,0
DA:39,0
DA:45,0
DA:46,0
DA:52,0
DA:53,0
DA:60,1
DA:61,0
DA:62,0
DA:67,0
DA:68,0
DA:69,0
DA:70,0
DA:71,0
DA:72,0
DA:73,0
DA:78,0
DA:79,0
DA:80,0
DA:82,0
DA:83,0
DA:86,0
DA:87,0
DA:91,1
DA:92,0
DA:93,0
DA:94,0
DA:95,0
DA:96,0
DA:101,0
DA:102,0
DA:103,0
DA:104,0
DA:105,0
DA:106,0
DA:107,0
DA:115,0
DA:118,0
DA:122,1
DA:123,0
DA:124,0
DA:129,0
DA:130,0
DA:131,0
DA:132,0
DA:133,0
DA:134,0
DA:141,0
DA:142,0
DA:145,0
DA:146,0
DA:151,0
DA:152,0
DA:153,0
DA:154,0
DA:155,0
DA:156,0
DA:162,0
DA:163,0
DA:165,0
DA:166,0
DA:167,0
DA:171,0
DA:172,0
DA:177,0
DA:184,0
DA:185,0
DA:187,0
DA:188,0
DA:189,0
DA:190,0
DA:198,0
DA:204,0
DA:212,0
DA:213,0
DA:214,0
DA:215,0
DA:217,0
DA:218,0
DA:226,0
DA:232,0
DA:241,0
DA:242,0
DA:243,0
DA:244,0
DA:245,0
DA:252,0
DA:257,0
DA:265,0
DA:266,0
DA:267,0
DA:268,0
DA:270,0
DA:271,0
DA:279,0
DA:288,0
DA:299,0
DA:300,0
DA:309,0
DA:310,0
DA:311,0
DA:323,0
DA:324,0
DA:330,0
DA:331,0
DA:339,0
DA:340,0
DA:349,0
DA:350,0
DA:351,0
DA:363,0
DA:364,0
DA:370,0
DA:371,0
DA:379,0
DA:380,0
DA:381,0
DA:382,0
DA:384,0
DA:385,0
DA:386,0
DA:387,0
DA:391,0
DA:392,0
DA:397,0
DA:404,0
DA:405,0
DA:414,0
DA:415,0
DA:416,0
DA:428,0
DA:429,0
DA:438,0
DA:449,0
DA:450,0
DA:459,0
DA:461,0
DA:462,0
DA:474,0
DA:475,0
DA:484,0
DA:495,0
DA:496,0
DA:499,0
DA:501,0
DA:502,0
DA:503,0
DA:504,0
DA:508,0
DA:509,0
DA:514,0
DA:520,0
DA:521,0
DA:528,1
DA:529,1
DA:530,1
DA:531,1
DA:532,1
DA:533,1
DA:534,1
DA:538,1
DA:542,1
DA:546,1
DA:547,1
DA:551,1
DA:555,1
DA:559,1
DA:563,1
DA:567,1
LF:176
LH:19
BRDA:27,0,0,0
BRDA:27,1,0,0
BRDA:27,2,0,0
BRDA:27,3,0,0
BRDA:28,4,0,0
BRDA:28,4,1,0
BRDA:29,5,0,0
BRDA:29,5,1,0
BRDA:31,6,0,0
BRDA:31,6,1,0
BRDA:69,7,0,0
BRDA:69,8,0,0
BRDA:69,9,0,0
BRDA:69,10,0,0
BRDA:69,10,1,0
BRDA:70,11,0,0
BRDA:70,11,1,0
BRDA:78,12,0,0
BRDA:78,12,1,0
BRDA:78,13,0,0
BRDA:78,13,1,0
BRDA:99,14,0,0
BRDA:103,15,0,0
BRDA:103,15,1,0
BRDA:104,16,0,0
BRDA:104,17,0,0
BRDA:104,17,1,0
BRDA:105,18,0,0
BRDA:105,18,1,0
BRDA:105,19,0,0
BRDA:105,19,1,0
BRDA:127,20,0,0
BRDA:131,21,0,0
BRDA:131,22,0,0
BRDA:131,23,0,0
BRDA:131,24,0,0
BRDA:131,24,1,0
BRDA:132,25,0,0
BRDA:132,25,1,0
BRDA:153,26,0,0
BRDA:153,27,0,0
BRDA:153,28,0,0
BRDA:153,29,0,0
BRDA:153,29,1,0
BRDA:154,30,0,0
BRDA:154,30,1,0
BRDA:165,31,0,0
BRDA:165,31,1,0
BRDA:165,32,0,0
BRDA:165,32,1,0
BRDA:186,33,0,0
BRDA:186,34,0,0
BRDA:186,35,0,0
BRDA:186,36,0,0
BRDA:187,37,0,0
BRDA:187,37,1,0
BRDA:188,38,0,0
BRDA:188,39,0,0
BRDA:188,39,1,0
BRDA:189,40,0,0
BRDA:189,40,1,0
BRDA:214,41,0,0
BRDA:214,42,0,0
BRDA:214,42,1,0
BRDA:215,43,0,0
BRDA:215,44,0,0
BRDA:217,45,0,0
BRDA:217,45,1,0
BRDA:243,46,0,0
BRDA:243,47,0,0
BRDA:243,48,0,0
BRDA:243,49,0,0
BRDA:243,49,1,0
BRDA:244,50,0,0
BRDA:244,50,1,0
BRDA:248,51,0,0
BRDA:248,51,1,0
BRDA:267,52,0,0
BRDA:267,53,0,0
BRDA:267,53,1,0
BRDA:268,54,0,0
BRDA:268,55,0,0
BRDA:270,56,0,0
BRDA:270,56,1,0
BRDA:303,57,0,0
BRDA:304,58,0,0
BRDA:305,59,0,0
BRDA:306,60,0,0
BRDA:307,61,0,0
BRDA:309,62,0,0
BRDA:309,62,1,0
BRDA:310,63,0,0
BRDA:310,63,1,0
BRDA:343,64,0,0
BRDA:344,65,0,0
BRDA:345,66,0,0
BRDA:346,67,0,0
BRDA:347,68,0,0
BRDA:349,69,0,0
BRDA:349,69,1,0
BRDA:350,70,0,0
BRDA:350,70,1,0
BRDA:381,71,0,0
BRDA:381,72,0,0
BRDA:381,72,1,0
BRDA:382,73,0,0
BRDA:382,74,0,0
BRDA:384,75,0,0
BRDA:384,75,1,0
BRDA:408,76,0,0
BRDA:409,77,0,0
BRDA:410,78,0,0
BRDA:411,79,0,0
BRDA:412,80,0,0
BRDA:414,81,0,0
BRDA:414,81,1,0
BRDA:415,82,0,0
BRDA:415,82,1,0
BRDA:453,83,0,0
BRDA:454,84,0,0
BRDA:455,85,0,0
BRDA:456,86,0,0
BRDA:457,87,0,0
BRDA:459,88,0,0
BRDA:459,88,1,0
BRDA:461,89,0,0
BRDA:461,89,1,0
BRDA:498,90,0,0
BRDA:498,91,0,0
BRDA:499,92,0,0
BRDA:499,92,1,0
BRDA:501,93,0,0
BRDA:501,93,1,0
BRDA:519,94,0,0
BRDA:520,95,0,0
BRF:135
BRH:0
end_of_record
TN:
SF:src/store/sagas/forgetPassSaga.js
FN:6,doForget
FN:36,forgetPassSaga
FNF:2
FNH:1
FNDA:0,doForget
FNDA:1,forgetPassSaga
DA:8,0
DA:9,0
DA:10,0
DA:11,0
DA:12,0
DA:15,0
DA:16,0
DA:17,0
DA:18,0
DA:22,0
DA:23,0
DA:29,0
DA:30,0
DA:37,1
LF:14
LH:1
BRDA:6,0,0,0
BRDA:10,1,0,0
BRDA:10,2,0,0
BRDA:10,2,1,0
BRDA:11,3,0,0
BRDA:11,3,1,0
BRDA:16,4,0,0
BRDA:16,4,1,0
BRDA:16,5,0,0
BRDA:16,5,1,0
BRF:10
BRH:0
end_of_record
TN:
SF:src/store/sagas/index.js
FN:11,rootSaga
FNF:1
FNH:1
FNDA:1,rootSaga
DA:12,1
LF:1
LH:1
BRF:0
BRH:0
end_of_record
TN:
SF:src/store/sagas/inviteMemberSaga.js
FN:6,doinviteMember
FN:34,doInviteMemberList
FN:64,inviteMemberSaga
FNF:3
FNH:1
FNDA:0,doinviteMember
FNDA:0,doInviteMemberList
FNDA:1,inviteMemberSaga
DA:7,0
DA:8,0
DA:9,0
DA:10,0
DA:11,0
DA:14,0
DA:15,0
DA:16,0
DA:17,0
DA:21,0
DA:22,0
DA:28,0
DA:29,0
DA:35,0
DA:36,0
DA:37,0
DA:38,0
DA:39,0
DA:43,0
DA:44,0
DA:49,0
DA:50,0
DA:57,0
DA:58,0
DA:65,1
DA:66,1
LF:26
LH:2
BRDA:6,0,0,0
BRDA:6,1,0,0
BRDA:9,2,0,0
BRDA:9,3,0,0
BRDA:9,3,1,0
BRDA:10,4,0,0
BRDA:10,4,1,0
BRDA:15,5,0,0
BRDA:15,5,1,0
BRDA:15,6,0,0
BRDA:15,6,1,0
BRDA:34,7,0,0
BRDA:37,8,0,0
BRDA:37,9,0,0
BRDA:37,9,1,0
BRDA:38,10,0,0
BRDA:38,10,1,0
BRDA:43,11,0,0
BRDA:43,11,1,0
BRDA:43,12,0,0
BRDA:43,12,1,0
BRF:21
BRH:0
end_of_record
TN:
SF:src/store/sagas/loginSaga.js
FN:11,doUserLogin
FN:63,(anonymous_1)
FN:74,doRegisterUserSaga
FN:123,rootLoginPostSaga
FNF:4
FNH:1
FNDA:0,doUserLogin
FNDA:0,(anonymous_1)
FNDA:0,doRegisterUserSaga
FNDA:1,rootLoginPostSaga
DA:12,0
DA:13,0
DA:14,0
DA:15,0
DA:16,0
DA:19,0
DA:20,0
DA:24,0
DA:25,0
DA:26,0
DA:27,0
DA:28,0
DA:29,0
DA:30,0
DA:32,0
DA:36,0
DA:37,0
DA:41,0
DA:42,0
DA:47,0
DA:51,0
DA:58,0
DA:63,1
DA:64,0
DA:66,0
DA:71,0
DA:75,0
DA:76,0
DA:77,0
DA:78,0
DA:79,0
DA:83,0
DA:85,0
DA:86,0
DA:91,0
DA:93,0
DA:95,0
DA:96,0
DA:100,0
DA:101,0
DA:105,0
DA:110,0
DA:111,0
DA:117,0
DA:118,0
DA:124,1
DA:125,1
LF:47
LH:3
BRDA:11,0,0,0
BRDA:14,1,0,0
BRDA:14,2,0,0
BRDA:14,2,1,0
BRDA:15,3,0,0
BRDA:15,3,1,0
BRDA:36,4,0,0
BRDA:36,4,1,0
BRDA:36,5,0,0
BRDA:36,5,1,0
BRDA:63,6,0,0
BRDA:64,7,0,0
BRDA:64,8,0,0
BRDA:64,9,0,0
BRDA:64,10,0,0
BRDA:74,11,0,0
BRDA:77,12,0,0
BRDA:77,13,0,0
BRDA:77,14,0,0
BRDA:78,15,0,0
BRDA:78,15,1,0
BRDA:83,16,0,0
BRDA:83,17,0,0
BRDA:83,18,0,0
BRDA:85,19,0,0
BRDA:85,19,1,0
BRF:26
BRH:0
end_of_record
TN:
SF:src/store/sagas/organisationSaga.js
FN:6,getCustomerOrganisation
FN:36,organisationSaga
FNF:2
FNH:1
FNDA:0,getCustomerOrganisation
FNDA:1,organisationSaga
DA:7,0
DA:8,0
DA:9,0
DA:10,0
DA:11,0
DA:15,0
DA:16,0
DA:21,0
DA:22,0
DA:29,0
DA:30,0
DA:37,1
LF:12
LH:1
BRDA:9,0,0,0
BRDA:9,1,0,0
BRDA:9,1,1,0
BRDA:10,2,0,0
BRDA:10,2,1,0
BRDA:15,3,0,0
BRDA:15,3,1,0
BRDA:15,4,0,0
BRDA:15,4,1,0
BRF:9
BRH:0
end_of_record
TN:
SF:src/store/sagas/resetPassSaga.js
FN:12,(anonymous_0)
FN:16,(anonymous_1)
FN:30,(anonymous_2)
FN:39,doResetAction
FN:53,createNewPassword
FN:62,resetPassSaga
FNF:6
FNH:1
FNDA:0,(anonymous_0)
FNDA:0,(anonymous_1)
FNDA:0,(anonymous_2)
FNDA:0,doResetAction
FNDA:0,createNewPassword
FNDA:1,resetPassSaga
DA:12,1
DA:13,0
DA:14,0
DA:15,0
DA:16,0
DA:17,0
DA:18,0
DA:20,0
DA:21,0
DA:22,0
DA:24,0
DA:25,0
DA:30,1
DA:31,0
DA:32,0
DA:40,0
DA:41,0
DA:42,0
DA:45,0
DA:54,0
DA:55,0
DA:56,0
DA:59,0
DA:63,1
DA:64,1
LF:25
LH:4
BRDA:12,0,0,0
BRDA:13,1,0,0
BRDA:13,2,0,0
BRDA:13,3,0,0
BRDA:13,4,0,0
BRDA:13,4,1,0
BRDA:14,5,0,0
BRDA:14,5,1,0
BRDA:20,6,0,0
BRDA:20,6,1,0
BRDA:20,7,0,0
BRDA:20,7,1,0
BRDA:39,8,0,0
BRDA:53,9,0,0
BRF:14
BRH:0
end_of_record
